CloneSpy session started on 19.05.2018  12:19. Examining duplicates. Deleting files with longer file name.

Deleted:                        33,725  C:\GalImgs\NewBabes\www.foxhq.comGallery\xenia-wood-silk-tits-video.jpg
Deleted:                        18,634  C:\GalImgs\NewBabes\isabella-nice-petite-xxx-42494.jpg
Deleted:                        10,568  C:\GalImgs\NewBabes\www.foxhq.comGallery\september-carrino-huge-tits-bra-play.jpg
Deleted:                         9,331  C:\GalImgs\NewBabes\evelina-darling-club-seventeen-43012.jpg


CloneSpy session started on 19.05.2018  12:21. Examining duplicates. Deleting files with longer file name.



CloneSpy session started on 19.05.2018  12:24. Examining duplicates. Deleting files with longer file name.



CloneSpy session started on 19.05.2018  12:28. Examining duplicates. Deleting files with longer file name.

Deleted:                     1,421,607  C:\Heaven\Haven\brothel\maine apni sauteli saali ko aapa Kho kar choda\krystal-webb-upclose-nudes-photodromm 9.jpg
Deleted:                     1,273,348  C:\Heaven\Haven\brothel\Biwi ne chudte waqt chupke se mera lund aunty ki bur me daal diya\charley-atwell-tight-wet-shirt 3.jpg
Deleted:                     1,198,086  C:\Heaven\Haven\brothel\Biwi ne chudte waqt chupke se mera lund aunty ki bur me daal diya\charley-atwell-tight-wet-shirt 5.jpg
Deleted:                     1,102,848  C:\Heaven\Haven\brothel\bahen ko bus me randy bana ke choda\Hardbody Fitness Model gets naked in bed 19.jpg
Deleted:                     1,062,132  C:\Heaven\Haven\brothel\Biwi ne chudte waqt chupke se mera lund aunty ki bur me daal diya\charley-atwell-tight-wet-shirt 2.jpg
Deleted:                     1,040,223  C:\Heaven\Haven\brothel\Biwi ne chudte waqt chupke se mera lund aunty ki bur me daal diya\charley-atwell-tight-wet-shirt 4.jpg
Deleted:                     1,022,604  C:\Heaven\Haven\brothel\Biwi ne chudte waqt chupke se mera lund aunty ki bur me daal diya\charley-atwell-tight-wet-shirt 1.jpg
Deleted:                       893,522  C:\Heaven\Haven\brothel\saasu maa ka rape hote dekh maine pita ji ke land ko sehlana shuru kiya\Creamy pussy is ready for action 4.jpg
Deleted:                       869,577  C:\Heaven\Haven\brothel\maine apni sauteli saali ko aapa Kho kar choda\kim-kardashian-playboy-nudes 12.jpg
Deleted:                       829,026  C:\Heaven\Haven\brothel\maine apni sauteli saali ko aapa Kho kar choda\kim-kardashian-playboy-nudes 10.jpg
Deleted:                       782,284  C:\Heaven\Haven\brothel\bete ki biwi ko unke sath choda\bianca-beauch-cabin-fever 4.jpg
Deleted:                       780,414  C:\Heaven\Haven\brothel\bahen ko bus me randy bana ke choda\candace-cabrera-high-res 5.jpg
Deleted:                       760,141  C:\Heaven\Haven\brothel\bahen ko bus me randy bana ke choda\Hardbody Fitness Model gets naked in bed 20.jpg
Deleted:                       744,104  C:\Heaven\Haven\brothel\saasu maa ka rape hote dekh maine pita ji ke land ko sehlana shuru kiya\Creamy pussy is ready for action 7.jpg
Deleted:                       665,335  C:\Heaven\Haven\brothel\Biwi ne chudte waqt chupke se mera lund aunty ki bur me daal diya\dani-manga-brazil-playboy 2.jpg
Deleted:                       642,749  C:\Heaven\Haven\brothel\bete ki biwi ko unke sath choda\ava-koxxx-rehearsal-virtual-real-porn 4.jpg
Deleted:                       636,515  C:\Heaven\Haven\brothel\bahen ko bus me randy bana ke choda\krystal-webb-nude-beach 8.jpg
Deleted:                       597,580  C:\Heaven\Haven\brothel\bete ki biwi ko unke sath choda\ava-koxxx-rehearsal-virtual-real-porn 1.jpg
Deleted:                       592,049  C:\Heaven\Haven\brothel\bahen ko bus me randy bana ke choda\krystal-webb-nude-beach 1.jpg
Deleted:                       568,735  C:\Heaven\Haven\brothel\bahen ko bus me randy bana ke choda\krystal-webb-nude-beach 3.jpg
Deleted:                       543,036  C:\Heaven\Haven\brothel\bete ki biwi ko unke sath choda\ava-koxxx-rehearsal-virtual-real-porn 2.jpg
Deleted:                       531,533  C:\Heaven\Haven\brothel\maine dekha ki Maa me ghore ka lund fasan hua h\penny-mathis-leopard-print 1.jpg
Deleted:                       519,681  C:\Heaven\Haven\brothel\maine dekha ki Maa me ghore ka lund fasan hua h\penny-mathis-sexy-sheer-black 10.jpg
Deleted:                       512,541  C:\Heaven\Haven\brothel\saasu maa ka rape hote dekh maine pita ji ke land ko sehlana shuru kiya\jordan-carver-stairway-to-heaven 3.jpg
Deleted:                       505,768  C:\Heaven\Haven\brothel\bahen ko bus me randy bana ke choda\krystal-webb-nude-beach 12.jpg
Deleted:                       495,663  C:\Heaven\Haven\brothel\maine dekha ki Maa me ghore ka lund fasan hua h\penny-mathis-sexy-sheer-black 12.jpg
Deleted:                       481,877  C:\Heaven\Haven\brothel\maine dekha ki Maa me ghore ka lund fasan hua h\sophie-dee-sexy-blue-dress 10.jpg
Deleted:                       479,949  C:\Heaven\Haven\brothel\saasu maa ka rape hote dekh maine pita ji ke land ko sehlana shuru kiya\lucy-vixen-sexy-busty-animal 2.jpg
Deleted:                       477,472  C:\Heaven\Haven\brothel\saasu maa ka rape hote dekh maine pita ji ke land ko sehlana shuru kiya\jordan-carver-stairway-to-heaven 9.jpg
Deleted:                       454,083  C:\Heaven\Haven\brothel\maine dekha ki Maa me ghore ka lund fasan hua h\penny-mathis-leopard-print 2.jpg
Deleted:                       440,303  C:\Heaven\Haven\brothel\maine dekha ki Maa me ghore ka lund fasan hua h\sophie-dee-gold-necklace 2.jpg
Deleted:                       435,936  C:\Heaven\Haven\brothel\saasu maa ka rape hote dekh maine pita ji ke land ko sehlana shuru kiya\gemma-massey-white-bodysuit-nudes 8.jpg
Deleted:                       416,014  C:\Heaven\Haven\brothel\saasu maa ka rape hote dekh maine pita ji ke land ko sehlana shuru kiya\dannii-harwood-catsuit-part-two 1.jpg
Deleted:                       410,921  C:\Heaven\Haven\brothel\saasu maa ka rape hote dekh maine pita ji ke land ko sehlana shuru kiya\halina-miranda-red-bikini-vixen 3.jpg
Deleted:                       408,875  C:\Heaven\Haven\brothel\maine dekha ki Maa me ghore ka lund fasan hua h\sophie-dee-gold-necklace 7.jpg
Deleted:                       405,949  C:\Heaven\Haven\brothel\maine dekha ki Maa me ghore ka lund fasan hua h\sophie-dee-gold-necklace 5.jpg
Deleted:                       403,307  C:\Heaven\Haven\brothel\saasu maa ka rape hote dekh maine pita ji ke land ko sehlana shuru kiya\gemma-massey-white-bodysuit-nudes 1.jpg
Deleted:                       403,060  C:\Heaven\Haven\brothel\maine dekha ki Maa me ghore ka lund fasan hua h\sophie-dee-gold-necklace 12.jpg
Deleted:                       399,007  C:\Heaven\Haven\brothel\maine dekha ki Maa me ghore ka lund fasan hua h\penny-mathis-serious-seduction 10.jpg
Deleted:                       394,963  C:\Heaven\Haven\brothel\maine dekha ki Maa me ghore ka lund fasan hua h\penny-mathis-serious-seduction 11.jpg
Deleted:                       392,599  C:\Heaven\Haven\brothel\maine dekha ki Maa me ghore ka lund fasan hua h\penny-mathis-serious-seduction 9.jpg
Deleted:                       385,846  C:\Heaven\Haven\brothel\saasu maa ka rape hote dekh maine pita ji ke land ko sehlana shuru kiya\jordan-carver-stairway-to-heaven 6.jpg
Deleted:                       382,499  C:\Heaven\Haven\brothel\maine dekha ki Maa me ghore ka lund fasan hua h\penny-mathis-leopard-print 9.jpg
Deleted:                       373,686  C:\Heaven\Haven\brothel\saasu maa ka rape hote dekh maine pita ji ke land ko sehlana shuru kiya\jordan-carver-stairway-to-heaven 1.jpg
Deleted:                       371,404  C:\Heaven\Haven\brothel\maine apni sauteli saali ko aapa Kho kar choda\penny-mathis-so-very-hot-glamourshow 2.jpg
Deleted:                       370,555  C:\Heaven\Haven\brothel\Maa ki patto ko chata\lucy-vixen-black-panties-curves 3.jpg
Deleted:                       368,972  C:\Heaven\Haven\brothel\bahen ko bus me randy bana ke choda\penny-mathis-busting-out 4.jpg
Deleted:                       366,232  C:\Heaven\Haven\brothel\bahen ko bus me randy bana ke choda\penny-mathis-busting-out 3.jpg
Deleted:                       365,959  C:\Heaven\Haven\brothel\bahen ko bus me randy bana ke choda\penny-mathis-busting-out 6.jpg
Deleted:                       365,296  C:\Heaven\Haven\brothel\saasu maa ka rape hote dekh maine pita ji ke land ko sehlana shuru kiya\dannii-harwood-catsuit-part-two 2.jpg
Deleted:                       360,491  C:\Heaven\Haven\brothel\bahen ko bus me randy bana ke choda\krystal-webb-nude-beach 5.jpg
Deleted:                       359,175  C:\Heaven\Haven\brothel\bahen ko bus me randy bana ke choda\lilly-roma-bra-and-panties 6.jpg
Deleted:                       357,898  C:\Heaven\Haven\brothel\maine dekha ki Maa me ghore ka lund fasan hua h\krystal-webb-bedroom-apd 3.jpg
Deleted:                       351,133  C:\Heaven\Haven\brothel\bahen ko bus me randy bana ke choda\jenny-p-leather-actiongirl 11.jpg
Deleted:                       345,123  C:\Heaven\Haven\brothel\bahen ko bus me randy bana ke choda\emily-addison-blue-dress-secretary 5.jpg
Deleted:                       343,003  C:\Heaven\Haven\brothel\Maa ki patto ko chata\debbie-sath-busty-asian-glamourshow 5.jpg
Deleted:                       342,981  C:\Heaven\Haven\brothel\saasu maa ka rape hote dekh maine pita ji ke land ko sehlana shuru kiya\jordan-carver-deep-cleavage-glamourshow 3.jpg
Deleted:                       341,379  C:\Heaven\Haven\brothel\saasu maa ka rape hote dekh maine pita ji ke land ko sehlana shuru kiya\karla-satin-lingerie-alluring-vixen 9.jpg
Deleted:                       339,492  C:\Heaven\Haven\brothel\maine dekha ki Maa me ghore ka lund fasan hua h\krystal-webb-bedroom-apd 12.jpg
Deleted:                       337,522  C:\Heaven\Haven\brothel\bahen ko bus me randy bana ke choda\emily-addison-blue-dress-secretary 9.jpg
Deleted:                       336,128  C:\Heaven\Haven\brothel\bahen ko bus me randy bana ke choda\penny-mathis-busting-out 1.jpg
Deleted:                       333,341  C:\Heaven\Haven\brothel\saasu maa ka rape hote dekh maine pita ji ke land ko sehlana shuru kiya\jordan-carver-deep-cleavage-glamourshow 6.jpg
Deleted:                       330,208  C:\Heaven\Haven\brothel\bahen ko bus me randy bana ke choda\emily-addison-horny-office-fantasy 3.jpg
Deleted:                       328,916  C:\Heaven\Haven\brothel\saasu maa ka rape hote dekh maine pita ji ke land ko sehlana shuru kiya\jordan-carver-pops-out-big-time 10.jpg
Deleted:                       328,631  C:\Heaven\Haven\brothel\bahen ko bus me randy bana ke choda\emily-addison-blue-dress-secretary 10.jpg
Deleted:                       328,150  C:\Heaven\Haven\brothel\saasu maa ka rape hote dekh maine pita ji ke land ko sehlana shuru kiya\karla-satin-lingerie-alluring-vixen 7.jpg
Deleted:                       327,619  C:\Heaven\Haven\brothel\maine dekha ki Maa me ghore ka lund fasan hua h\priya-tight-dress 8.jpg
Deleted:                       327,513  C:\Heaven\Haven\brothel\saasu maa ka rape hote dekh maine pita ji ke land ko sehlana shuru kiya\faith-beautiful-truth-photodromm 5.jpg
Deleted:                       325,754  C:\Heaven\Haven\brothel\maine apni sauteli saali ko aapa Kho kar choda\penny-mathis-so-very-hot-glamourshow 8.jpg
Deleted:                       325,195  C:\Heaven\Haven\brothel\bahen ko bus me randy bana ke choda\emily-addison-blue-dress-secretary 11.jpg
Deleted:                       324,154  C:\Heaven\Haven\brothel\saasu maa ka rape hote dekh maine pita ji ke land ko sehlana shuru kiya\jordan-carver-pops-out-big-time 1.jpg
Deleted:                       322,553  C:\Heaven\Haven\brothel\maine apni sauteli saali ko aapa Kho kar choda\penny-mathis-so-very-hot-glamourshow 12.jpg
Deleted:                       322,285  C:\Heaven\Haven\brothel\saasu maa ka rape hote dekh maine pita ji ke land ko sehlana shuru kiya\dannii-harwood-see-thru-one-piece 11.jpg
Deleted:                       321,948  C:\Heaven\Haven\brothel\saasu maa ka rape hote dekh maine pita ji ke land ko sehlana shuru kiya\karla-satin-lingerie-alluring-vixen 6.jpg
Deleted:                       321,555  C:\Heaven\Haven\brothel\maine apni sauteli saali ko aapa Kho kar choda\penny-mathis-so-very-hot-glamourshow 9.jpg
Deleted:                       321,543  C:\Heaven\Haven\brothel\maine dekha ki Maa me ghore ka lund fasan hua h\krystal-webb-bedroom-apd 9.jpg
Deleted:                       319,691  C:\Heaven\Haven\brothel\Maa ki patto ko chata\debbie-sath-busty-asian-glamourshow 8.jpg
Deleted:                       319,030  C:\Heaven\Haven\brothel\maine apni sauteli saali ko aapa Kho kar choda\penny-mathis-so-very-hot-glamourshow 6.jpg
Deleted:                       318,171  C:\Heaven\Haven\brothel\bahen ko bus me randy bana ke choda\penny-mathis-busting-out 2.jpg
Deleted:                       316,654  C:\Heaven\Haven\brothel\bahen ko bus me randy bana ke choda\penny-mathis-busting-out 7.jpg
Deleted:                       315,064  C:\Heaven\Haven\brothel\Maa ki patto ko chata\debbie-sath-busty-asian-glamourshow 7.jpg
Deleted:                       314,040  C:\Heaven\Haven\brothel\saasu maa ka rape hote dekh maine pita ji ke land ko sehlana shuru kiya\karla-satin-lingerie-alluring-vixen 12.jpg
Deleted:                       313,121  C:\Heaven\Haven\brothel\maine apni sauteli saali ko aapa Kho kar choda\penny-mathis-so-very-hot-glamourshow 5.jpg
Deleted:                       313,107  C:\Heaven\Haven\brothel\maine apni sauteli saali ko aapa Kho kar choda\penny-mathis-so-very-hot-glamourshow 7.jpg
Deleted:                       312,879  C:\Heaven\Haven\brothel\Maa ki patto ko chata\debbie-sath-busty-asian-glamourshow 10.jpg
Deleted:                       310,533  C:\Heaven\Haven\brothel\saasu maa ka rape hote dekh maine pita ji ke land ko sehlana shuru kiya\karla-satin-lingerie-alluring-vixen 11.jpg
Deleted:                       307,754  C:\Heaven\Haven\brothel\maine apni sauteli saali ko aapa Kho kar choda\penny-mathis-so-very-hot-glamourshow 3.jpg
Deleted:                       306,643  C:\Heaven\Haven\brothel\saasu maa ka rape hote dekh maine pita ji ke land ko sehlana shuru kiya\jordan-carver-stairway-to-heaven 2.jpg
Deleted:                       306,440  C:\Heaven\Haven\brothel\maine apni sauteli saali ko aapa Kho kar choda\kim-kardashian-playboy-nudes 11.jpg
Deleted:                       306,050  C:\Heaven\Haven\brothel\maine dekha ki Maa me ghore ka lund fasan hua h\penny-mathis-sexy-sheer-black 1.jpg
Deleted:                       302,269  C:\Heaven\Haven\brothel\Maa ki patto ko chata\debbie-sath-busty-asian-glamourshow 6.jpg
Deleted:                       301,632  C:\Heaven\Haven\brothel\maine dekha ki Maa me ghore ka lund fasan hua h\sophie-dee-tight-blue-dress 1.jpg
Deleted:                       299,547  C:\Heaven\Haven\brothel\Maa ki patto ko chata\debbie-sath-busty-asian-glamourshow 9.jpg
Deleted:                       297,595  C:\Heaven\Haven\brothel\maine apni sauteli saali ko aapa Kho kar choda\penny-mathis-so-very-hot-glamourshow 10.jpg
Deleted:                       297,351  C:\Heaven\Haven\brothel\Biwi ne chudte waqt chupke se mera lund aunty ki bur me daal diya\charley-atwell-tight-wet-shirt 6.jpg
Deleted:                       295,478  C:\Heaven\Haven\brothel\maine dekha ki Maa me ghore ka lund fasan hua h\sophie-dee-tight-blue-dress 7.jpg
Deleted:                       295,445  C:\Heaven\Haven\brothel\maine apni sauteli saali ko aapa Kho kar choda\penny-mathis-so-very-hot-glamourshow 11.jpg
Deleted:                       295,416  C:\Heaven\Haven\brothel\Maa ki patto ko chata\debbie-sath-busty-asian-glamourshow 4.jpg
Deleted:                       294,390  C:\Heaven\Haven\brothel\bahen ko bus me randy bana ke choda\emily-addison-horny-office-fantasy 4.jpg
Deleted:                       294,334  C:\Heaven\Haven\brothel\saasu maa ka rape hote dekh maine pita ji ke land ko sehlana shuru kiya\karla-satin-lingerie-alluring-vixen 5.jpg
Deleted:                       292,959  C:\Heaven\Haven\brothel\maine apni sauteli saali ko aapa Kho kar choda\penny-mathis-so-very-hot-glamourshow 1.jpg
Deleted:                       292,713  C:\Heaven\Haven\brothel\maine apni sauteli saali ko aapa Kho kar choda\sophie-dee-steamy-shower 12.jpg
Deleted:                       291,859  C:\Heaven\Haven\brothel\saasu maa ka rape hote dekh maine pita ji ke land ko sehlana shuru kiya\gemma-massey-white-bodysuit-nudes 11.jpg
Deleted:                       291,681  C:\Heaven\Haven\brothel\Biwi ne chudte waqt chupke se mera lund aunty ki bur me daal diya\briana-lee-extreme-black-stockings 8.jpg
Deleted:                       290,536  C:\Heaven\Haven\brothel\bete ki biwi ko unke sath choda\charley-springer-one-piece-booty-curves 12.jpg
Deleted:                       288,235  C:\Heaven\Haven\brothel\ArtiFacial\metalgirlbygarv23-d3k51lf.jpg
Deleted:                       287,118  C:\Heaven\Haven\brothel\maine apni sauteli saali ko aapa Kho kar choda\penny-mathis-so-very-hot-glamourshow 4.jpg
Deleted:                       284,722  C:\Heaven\Haven\brothel\saasu maa ka rape hote dekh maine pita ji ke land ko sehlana shuru kiya\jordan-carver-deep-cleavage-glamourshow 10.jpg
Deleted:                       281,994  C:\Heaven\Haven\brothel\saasu maa ka rape hote dekh maine pita ji ke land ko sehlana shuru kiya\karla-satin-lingerie-alluring-vixen 1.jpg
Deleted:                       279,265  C:\Heaven\Haven\brothel\saasu maa ka rape hote dekh maine pita ji ke land ko sehlana shuru kiya\jordan-carver-skin-tight-dress 11.jpg
Deleted:                       278,507  C:\Heaven\Haven\brothel\saasu maa ka rape hote dekh maine pita ji ke land ko sehlana shuru kiya\karla-satin-lingerie-alluring-vixen 3.jpg
Deleted:                       278,484  C:\Heaven\Haven\brothel\saasu maa ka rape hote dekh maine pita ji ke land ko sehlana shuru kiya\dannii-harwood-see-thru-one-piece 6.jpg
Deleted:                       277,445  C:\Heaven\Haven\brothel\saasu maa ka rape hote dekh maine pita ji ke land ko sehlana shuru kiya\jordan-carver-pops-out-big-time 8.jpg
Deleted:                       276,952  C:\Heaven\Haven\brothel\Maa ki patto ko chata\debbie-sath-busty-asian-glamourshow 3.jpg
Deleted:                       276,870  C:\Heaven\Haven\brothel\bete ki biwi ko unke sath choda\cara-brett-naked-leather-couch 5.jpg
Deleted:                       275,576  C:\Heaven\Haven\brothel\bahen ko bus me randy bana ke choda\cara-brett-full-frontal 6.jpg
Deleted:                       273,790  C:\Heaven\Haven\brothel\maine dekha ki Maa me ghore ka lund fasan hua h\penny-mathis-sexy-sheer-black 4.jpg
Deleted:                       273,495  C:\Heaven\Haven\brothel\maine dekha ki Maa me ghore ka lund fasan hua h\penny-mathis-sexy-sheer-black 6.jpg
Deleted:                       273,159  C:\Heaven\Haven\brothel\Maa ki patto ko chata\debbie-sath-busty-asian-glamourshow 2.jpg
Deleted:                       272,567  C:\Heaven\Haven\brothel\saasu maa ka rape hote dekh maine pita ji ke land ko sehlana shuru kiya\jordan-carver-skin-tight-dress 9.jpg
Deleted:                       269,883  C:\Heaven\Haven\brothel\Maa ki patto ko chata\debbie-sath-busty-asian-glamourshow 1.jpg
Deleted:                       269,105  C:\Heaven\Haven\brothel\pita ji ko dekh kar maine apna pallu gira diya\scarlettredd(BipqqgtgqoF).jpg
Deleted:                       267,783  C:\Heaven\Haven\brothel\bete ki biwi ko unke sath choda\cara-brett-naked-leather-couch 3.jpg
Deleted:                       265,865  C:\Heaven\Haven\brothel\saasu maa ka rape hote dekh maine pita ji ke land ko sehlana shuru kiya\jordan-carver-stairway-to-heaven 8.jpg
Deleted:                       265,717  C:\Heaven\Haven\brothel\maine dekha ki Maa me ghore ka lund fasan hua h\scarlettredd(BizlWNvA0PL).jpg
Deleted:                       265,717  C:\Heaven\Haven\brothel\maine dekha ki Maa me ghore ka lund fasan hua h\officialdelianna(BixTETkH6zF).jpg
Deleted:                       265,717  C:\Heaven\Haven\brothel\maine dekha ki Maa me ghore ka lund fasan hua h\officialdelianna(BizkT93n9uT).jpg
Deleted:                       264,198  C:\Heaven\Haven\brothel\saasu maa ka rape hote dekh maine pita ji ke land ko sehlana shuru kiya\karla-satin-lingerie-alluring-vixen 2.jpg
Deleted:                       262,371  C:\Heaven\Haven\brothel\bete ki biwi ko unke sath choda\cara-brett-naked-leather-couch 7.jpg
Deleted:                       260,184  C:\Heaven\Haven\brothel\saasu maa ka rape hote dekh maine pita ji ke land ko sehlana shuru kiya\jordan-carver-skin-tight-dress 12.jpg
Deleted:                       259,082  C:\Heaven\Haven\brothel\bete ki biwi ko unke sath choda\cara-brett-naked-leather-couch 11.jpg
Deleted:                       258,156  C:\Heaven\Haven\brothel\bete ki biwi ko unke sath choda\cara-brett-naked-leather-couch 4.jpg
Deleted:                       257,349  C:\Heaven\Haven\brothel\saasu maa ka rape hote dekh maine pita ji ke land ko sehlana shuru kiya\charley-atwell-office-antics 7.jpg
Deleted:                       253,837  C:\Heaven\Haven\brothel\bete ki biwi ko unke sath choda\cara-brett-naked-leather-couch 10.jpg
Deleted:                       251,752  C:\Heaven\Haven\brothel\Biwi ne chudte waqt chupke se mera lund aunty ki bur me daal diya\charley-atwell-tight-wet-shirt 7.jpg
Deleted:                       250,436  C:\Heaven\Haven\brothel\maine dekha ki Maa me ghore ka lund fasan hua h\penny-mathis-sexy-sheer-black 9.jpg
Deleted:                       250,377  C:\Heaven\Haven\brothel\Maa ki patto ko chata\debbie-sath-busty-asian-glamourshow 11.jpg
Deleted:                       248,394  C:\Heaven\Haven\brothel\saasu maa ka rape hote dekh maine pita ji ke land ko sehlana shuru kiya\charley-atwell-office-antics 5.jpg
Deleted:                       245,510  C:\Heaven\Haven\brothel\maine apni sauteli saali ko aapa Kho kar choda\club-justene-jaro-silk-panties 8.jpg
Deleted:                       242,065  C:\Heaven\Haven\brothel\maine dekha ki Maa me ghore ka lund fasan hua h\imericamonique(BixIdtlg30M).jpg
Deleted:                       241,205  C:\Heaven\Haven\brothel\saasu maa ka rape hote dekh maine pita ji ke land ko sehlana shuru kiya\dannii-harwood-see-thru-one-piece 7.jpg
Deleted:                       238,508  C:\Heaven\Haven\brothel\bete ki biwi ko unke sath choda\ava-addams-my-wifes-hot-friend 12.jpg
Deleted:                       237,118  C:\Heaven\Haven\brothel\saasu maa ka rape hote dekh maine pita ji ke land ko sehlana shuru kiya\lucy-vixen-big-boobs-in-black-bodysuit 9.jpg
Deleted:                       236,750  C:\Heaven\Haven\brothel\saasu maa ka rape hote dekh maine pita ji ke land ko sehlana shuru kiya\jordan-carver-stairway-to-heaven 7.jpg
Deleted:                       235,440  C:\Heaven\Haven\brothel\pita ji ko dekh kar maine apna pallu gira diya\priyaanjalirai(BiaOY9GBvDS).jpg
Deleted:                       231,417  C:\Heaven\Haven\brothel\Biwi ne chudte waqt chupke se mera lund aunty ki bur me daal diya\charley-atwell-tight-wet-shirt 8.jpg
Deleted:                       230,782  C:\Heaven\Haven\brothel\Biwi ne chudte waqt chupke se mera lund aunty ki bur me daal diya\charley-atwell-tight-wet-shirt 9.jpg
Deleted:                       230,162  C:\Heaven\Haven\brothel\maine apni sauteli saali ko aapa Kho kar choda\katie-banks-peachy-boobs 6.jpg
Deleted:                       228,011  C:\Heaven\Haven\brothel\bahen ko bus me randy bana ke choda\emily-addison-blue-dress-secretary 6.jpg
Deleted:                       226,717  C:\Heaven\Haven\brothel\saasu maa ka rape hote dekh maine pita ji ke land ko sehlana shuru kiya\halina-miranda-red-bikini-vixen 10.jpg
Deleted:                       224,386  C:\Heaven\Haven\brothel\Maa ki patto ko chata\blondie-fesser-jessica-rabbit-xxx 1.jpg
Deleted:                       219,019  C:\Heaven\Haven\brothel\bete ki biwi ko unke sath choda\cara-brett-naked-leather-couch 1.jpg
Deleted:                       218,696  C:\Heaven\Haven\brothel\Maa ki patto ko chata\debbie-sath-busty-asian-glamourshow 12.jpg
Deleted:                       216,261  C:\Heaven\Haven\brothel\Biwi ne chudte waqt chupke se mera lund aunty ki bur me daal diya\charley-atwell-tight-wet-shirt 10.jpg
Deleted:                       216,156  C:\Heaven\Haven\brothel\bete ki biwi ko unke sath choda\cara-brett-naked-leather-couch 8.jpg
Deleted:                       210,912  C:\Heaven\Haven\brothel\saasu maa ka rape hote dekh maine pita ji ke land ko sehlana shuru kiya\charley-atwell-office-antics 3.jpg
Deleted:                       209,075  C:\Heaven\Haven\brothel\Biwi ne chudte waqt chupke se mera lund aunty ki bur me daal diya\charley-atwell-tight-wet-shirt 11.jpg
Deleted:                       208,166  C:\Heaven\Haven\brothel\Biwi ne chudte waqt chupke se mera lund aunty ki bur me daal diya\katie-banks-peachy-chick 2.jpg
Deleted:                       206,881  C:\Heaven\Haven\brothel\bahen ko bus me randy bana ke choda\katie-banks-fireplace 6.jpg
Deleted:                       206,720  C:\Heaven\Haven\brothel\Maa ki patto ko chata\charley-springer-pink-bra-and-panties 6.jpg
Deleted:                       205,144  C:\Heaven\Haven\brothel\Biwi ne chudte waqt chupke se mera lund aunty ki bur me daal diya\cj-sparxx-lingerie-tease 3.jpg
Deleted:                       203,451  C:\Heaven\Haven\brothel\Biwi ne chudte waqt chupke se mera lund aunty ki bur me daal diya\katie-banks-peachy-chick 3.jpg
Deleted:                       199,115  C:\Heaven\Haven\brothel\saasu maa ka rape hote dekh maine pita ji ke land ko sehlana shuru kiya\dannii-harwood-horny-in-the-office 6.jpg
Deleted:                       197,858  C:\Heaven\Haven\brothel\bhabhi ka rape hote dekh Maine muth mara\leemilly(Bi0eeLaA07e).jpg
Deleted:                       197,846  C:\Heaven\Haven\brothel\bete ki biwi ko unke sath choda\cara-brett-naked-leather-couch 6.jpg
Deleted:                       197,233  C:\Heaven\Haven\brothel\bhabhi ka rape hote dekh Maine muth mara\officialdelianna(Bi2YgG6npSy).jpg
Deleted:                       196,524  C:\Heaven\Haven\brothel\maine dekha ki Maa me ghore ka lund fasan hua h\gemma-massey-nude-bath 8.jpg
Deleted:                       190,883  C:\Heaven\Haven\brothel\maine apni sauteli saali ko aapa Kho kar choda\club-justene-jaro-silk-panties 5.jpg
Deleted:                       189,266  C:\Heaven\Haven\brothel\saasu maa ka rape hote dekh maine pita ji ke land ko sehlana shuru kiya\taylor-vixen-dark-erotic-beauty 7.jpg
Deleted:                       186,503  C:\Heaven\Haven\brothel\maine apni sauteli saali ko aapa Kho kar choda\katie-banks-peachy-boobs 5.jpg
Deleted:                       185,491  C:\Heaven\Haven\brothel\maine apni sauteli saali ko aapa Kho kar choda\club-justene-jaro-silk-panties 7.jpg
Deleted:                       182,729  C:\Heaven\Haven\brothel\maine apni sauteli saali ko aapa Kho kar choda\katie-banks-peachy-boobs 4.jpg
Deleted:                       182,724  C:\Heaven\Haven\brothel\saasu maa ka rape hote dekh maine pita ji ke land ko sehlana shuru kiya\dannii-harwood-horny-in-the-office 1.jpg
Deleted:                       182,287  C:\Heaven\Haven\brothel\maine apni sauteli saali ko aapa Kho kar choda\club-justene-jaro-silk-panties 12.jpg
Deleted:                       180,383  C:\Heaven\Haven\brothel\pita ji ko dekh kar maine apna pallu gira diya\sexystephy17(Bh9yQEBfSN).jpg
Deleted:                       180,245  C:\Heaven\Haven\brothel\saasu maa ka rape hote dekh maine pita ji ke land ko sehlana shuru kiya\taylor-vixen-dark-erotic-beauty 2.jpg
Deleted:                       179,634  C:\Heaven\Haven\brothel\saasu maa ka rape hote dekh maine pita ji ke land ko sehlana shuru kiya\taylor-vixen-dark-erotic-beauty 6.jpg
Deleted:                       179,085  C:\Heaven\Haven\brothel\saasu maa ka rape hote dekh maine pita ji ke land ko sehlana shuru kiya\dannii-harwood-horny-in-the-office 8.jpg
Deleted:                       178,113  C:\Heaven\Haven\brothel\bahen ko bus me randy bana ke choda\candace-black-panties 12.jpg
Deleted:                       177,946  C:\Heaven\Haven\brothel\saasu maa ka rape hote dekh maine pita ji ke land ko sehlana shuru kiya\dannii-harwood-horny-in-the-office 12.jpg
Deleted:                       177,922  C:\Heaven\Haven\brothel\maine apni sauteli saali ko aapa Kho kar choda\katie-banks-peachy-boobs 7.jpg
Deleted:                       175,651  C:\Heaven\Haven\brothel\saasu maa ka rape hote dekh maine pita ji ke land ko sehlana shuru kiya\dannii-harwood-horny-in-the-office 9.jpg
Deleted:                       173,410  C:\Heaven\Haven\brothel\saasu maa ka rape hote dekh maine pita ji ke land ko sehlana shuru kiya\dannii-harwood-horny-in-the-office 3.jpg
Deleted:                       172,598  C:\Heaven\Haven\brothel\maine apni sauteli saali ko aapa Kho kar choda\katie-banks-peachy-boobs 1.jpg
Deleted:                       172,494  C:\Heaven\Haven\brothel\saasu maa ka rape hote dekh maine pita ji ke land ko sehlana shuru kiya\taylor-vixen-dark-erotic-beauty 4.jpg
Deleted:                       172,320  C:\Heaven\Haven\brothel\maine dekha ki Maa me ghore ka lund fasan hua h\egyptiann(BiyKrE2goQX).jpg
Deleted:                       171,562  C:\Heaven\Haven\brothel\Biwi ne chudte waqt chupke se mera lund aunty ki bur me daal diya\katie-banks-peachy-chick 8.jpg
Deleted:                       170,791  C:\Heaven\Haven\brothel\Biwi ne chudte waqt chupke se mera lund aunty ki bur me daal diya\katie-banks-peachy-chick 10.jpg
Deleted:                       169,862  C:\Heaven\Haven\brothel\saasu maa ka rape hote dekh maine pita ji ke land ko sehlana shuru kiya\dannii-harwood-horny-in-the-office 7.jpg
Deleted:                       169,537  C:\Heaven\Haven\brothel\saasu maa ka rape hote dekh maine pita ji ke land ko sehlana shuru kiya\taylor-vixen-dark-erotic-beauty 11.jpg
Deleted:                       168,461  C:\Heaven\Haven\brothel\bhabhi ka rape hote dekh Maine muth mara\imericamonique(Bi2kuDCFgJA).jpg
Deleted:                       168,461  C:\Heaven\Haven\brothel\bhabhi ka rape hote dekh Maine muth mara\imericamonique(Bi2MV6YAIkI).jpg
Deleted:                       168,376  C:\Heaven\Haven\brothel\bhabhi ka rape hote dekh Maine muth mara\starletsofny(Bi24O10lID9).jpg
Deleted:                       168,342  C:\Heaven\Haven\brothel\bhabhi ka rape hote dekh Maine muth mara\imericamonique(Bi24uCbBEYA).jpg
Deleted:                       167,552  C:\Heaven\Haven\brothel\Biwi ne chudte waqt chupke se mera lund aunty ki bur me daal diya\katie-banks-peachy-chick 9.jpg
Deleted:                       166,153  C:\Heaven\Haven\brothel\Biwi ne chudte waqt chupke se mera lund aunty ki bur me daal diya\katie-banks-peachy-chick 12.jpg
Deleted:                       166,106  C:\Heaven\Haven\brothel\pita ji ko dekh kar maine apna pallu gira diya\sffoxx(BinQZqegZlc).jpg
Deleted:                       165,798  C:\Heaven\Haven\brothel\saasu maa ka rape hote dekh maine pita ji ke land ko sehlana shuru kiya\deelishis-curvy-showgirl 2.jpg
Deleted:                       162,586  C:\Heaven\Haven\brothel\saasu maa ka rape hote dekh maine pita ji ke land ko sehlana shuru kiya\taylor-vixen-dark-erotic-beauty 5.jpg
Deleted:                       162,525  C:\Heaven\Haven\brothel\saasu maa ka rape hote dekh maine pita ji ke land ko sehlana shuru kiya\dannii-harwood-horny-in-the-office 10.jpg
Deleted:                       160,418  C:\Heaven\Haven\brothel\saasu maa ka rape hote dekh maine pita ji ke land ko sehlana shuru kiya\dannii-harwood-horny-in-the-office 11.jpg
Deleted:                       160,269  C:\Heaven\Haven\brothel\bahen ko bus me randy bana ke choda\abbee-kimberly-one-piece 7.jpg
Deleted:                       159,879  C:\Heaven\Haven\brothel\saasu maa ka rape hote dekh maine pita ji ke land ko sehlana shuru kiya\deelishis-thick-showgirl 8.jpg
Deleted:                       156,584  C:\Heaven\Haven\brothel\saasu maa ka rape hote dekh maine pita ji ke land ko sehlana shuru kiya\taylor-vixen-dark-erotic-beauty 8.jpg
Deleted:                       154,098  C:\Heaven\Haven\brothel\saasu maa ka rape hote dekh maine pita ji ke land ko sehlana shuru kiya\taylor-vixen-dark-erotic-beauty 3.jpg
Deleted:                       150,157  C:\Heaven\Haven\brothel\bahen ko bus me randy bana ke choda\kristal-solis-showgirl 9.jpg
Deleted:                       149,127  C:\Heaven\Haven\brothel\saasu maa ka rape hote dekh maine pita ji ke land ko sehlana shuru kiya\taylor-vixen-dark-erotic-beauty 9.jpg
Deleted:                       148,252  C:\Heaven\Haven\brothel\saasu maa ka rape hote dekh maine pita ji ke land ko sehlana shuru kiya\taylor-vixen-dark-erotic-beauty 10.jpg
Deleted:                       147,921  C:\Heaven\Haven\brothel\saasu maa ka rape hote dekh maine pita ji ke land ko sehlana shuru kiya\dannii-harwood-horny-in-the-office 2.jpg
Deleted:                       147,374  C:\Heaven\Haven\brothel\saasu maa ka rape hote dekh maine pita ji ke land ko sehlana shuru kiya\taylor-vixen-dark-erotic-beauty 1.jpg
Deleted:                       146,823  C:\Heaven\Haven\brothel\saasu maa ka rape hote dekh maine pita ji ke land ko sehlana shuru kiya\deelishis-curvy-showgirl 6.jpg
Deleted:                       144,619  C:\Heaven\Haven\brothel\saasu maa ka rape hote dekh maine pita ji ke land ko sehlana shuru kiya\deelishis-thick-showgirl 4.jpg
Deleted:                       135,884  C:\Heaven\Haven\brothel\bhabhi ka rape hote dekh Maine muth mara\kimkardashian(Bi0NTablmo4).jpg
Deleted:                       133,642  C:\Heaven\Haven\brothel\saasu maa ka rape hote dekh maine pita ji ke land ko sehlana shuru kiya\deelishis-curvy-showgirl 5.jpg
Deleted:                       133,308  C:\Heaven\Haven\brothel\saasu maa ka rape hote dekh maine pita ji ke land ko sehlana shuru kiya\deelishis-thick-showgirl 3.jpg
Deleted:                       126,681  C:\Heaven\Haven\brothel\maine apni sauteli saali ko aapa Kho kar choda\kt-so-sheer-purple-ruffles 9.jpg
Deleted:                       114,976  C:\Heaven\Haven\brothel\pita ji ko dekh kar maine apna pallu gira diya\officialdelianna(BipJpA4HfQ8).jpg
Deleted:                       114,359  C:\Heaven\Haven\brothel\maine dekha ki Maa me ghore ka lund fasan hua h\jordan-carver-juicy-boobs-babe 8.jpg
Deleted:                       112,962  C:\Heaven\Haven\brothel\bahen ko bus me randy bana ke choda\mylene-curvy-asian-showgirl 5.jpg
Deleted:                       111,849  C:\Heaven\Haven\brothel\ArtiFacial\doavvhonokashowerscenessrgifbyrustiko2390-dbuajzh.png
Deleted:                       111,849  C:\Heaven\Haven\brothel\ArtiFacial\doavvkasumishowerscenessrgifbyrustiko2390-dbwb2xm.png
Deleted:                       111,849  C:\Heaven\Haven\brothel\ArtiFacial\doavvmisakishowerscenessrgifbyrustiko2390-dbui99x.png
Deleted:                       111,849  C:\Heaven\Haven\brothel\ArtiFacial\doavvmarieroseshowerscenessrbgifbyrustiko2390-dbyk87s.png
Deleted:                       111,849  C:\Heaven\Haven\brothel\ArtiFacial\doavvmarieroseshowerscenessrgifbyrustiko2390-dbv46ql.png
Deleted:                       111,828  C:\Heaven\Haven\brothel\bhabhi ka rape hote dekh Maine muth mara\graciii3(Bi5N5WjA6CQ).jpg
Deleted:                       109,410  C:\Heaven\Haven\brothel\maine apni sauteli saali ko aapa Kho kar choda\louise-jenson-ultra-tight-dress 6.jpg
Deleted:                       107,136  C:\Heaven\Haven\brothel\bahen ko bus me randy bana ke choda\dominique-showgirl 3.jpg
Deleted:                       106,119  C:\Heaven\Haven\brothel\maine apni sauteli saali ko aapa Kho kar choda\louise-jenson-ultra-tight-dress 11.jpg
Deleted:                       102,847  C:\Heaven\Haven\brothel\maine dekha ki Maa me ghore ka lund fasan hua h\jordan-carver-juicy-boobs-babe 4.jpg
Deleted:                       102,034  C:\Heaven\Haven\brothel\saasu maa ka rape hote dekh maine pita ji ke land ko sehlana shuru kiya\jolina-ford-booty-babe-showgirlz-exclusive 4.jpg
Deleted:                       101,970  C:\Heaven\Haven\brothel\saasu maa ka rape hote dekh maine pita ji ke land ko sehlana shuru kiya\jolina-ford-booty-babe-showgirlz-exclusive 3.jpg
Deleted:                       101,190  C:\Heaven\Haven\brothel\maine dekha ki Maa me ghore ka lund fasan hua h\jordan-carver-juicy-boobs-babe 2.jpg
Deleted:                       101,139  C:\Heaven\Haven\brothel\maine apni sauteli saali ko aapa Kho kar choda\louise-jenson-ultra-tight-dress 2.jpg
Deleted:                       101,027  C:\Heaven\Haven\brothel\maine apni sauteli saali ko aapa Kho kar choda\louise-jenson-ultra-tight-dress 1.jpg
Deleted:                        99,304  C:\Heaven\Haven\brothel\maine dekha ki Maa me ghore ka lund fasan hua h\jordan-carver-juicy-boobs-babe 10.jpg
Deleted:                        99,143  C:\Heaven\Haven\brothel\saasu maa ka rape hote dekh maine pita ji ke land ko sehlana shuru kiya\jasmin-jaye-showgirl 3.jpg
Deleted:                        96,349  C:\Heaven\Haven\brothel\bahen ko bus me randy bana ke choda\sin-the-right-curves-showgirl 3.jpg
Deleted:                        94,688  C:\Heaven\Haven\brothel\saasu maa ka rape hote dekh maine pita ji ke land ko sehlana shuru kiya\jolina-ford-booty-babe-showgirlz-exclusive 5.jpg
Deleted:                        94,241  C:\Heaven\Haven\brothel\maine dekha ki Maa me ghore ka lund fasan hua h\jordan-carver-juicy-boobs-babe 1.jpg
Deleted:                        94,241  C:\Heaven\Haven\brothel\maine dekha ki Maa me ghore ka lund fasan hua h\jordan-carver-juicy-boobs-babe 3.jpg
Deleted:                        94,175  C:\Heaven\Haven\brothel\maine apni sauteli saali ko aapa Kho kar choda\penny-mathis-fantastic-flirt 12.jpg
Deleted:                        93,942  C:\Heaven\Haven\brothel\bahen ko bus me randy bana ke choda\sin-the-right-curves-showgirl 4.jpg
Deleted:                        93,448  C:\Heaven\Haven\brothel\bahen ko bus me randy bana ke choda\sin-the-right-curves-showgirl 5.jpg
Deleted:                        90,103  C:\Heaven\Haven\brothel\saasu maa ka rape hote dekh maine pita ji ke land ko sehlana shuru kiya\penny-mathis-hot-bubble-bath 3.jpg
Deleted:                        89,859  C:\Heaven\Haven\brothel\saasu maa ka rape hote dekh maine pita ji ke land ko sehlana shuru kiya\jolina-ford-booty-babe-showgirlz-exclusive 8.jpg
Deleted:                        89,809  C:\Heaven\Haven\brothel\ArtiFacial\deadoralivevenusvacationwettamakibysabishikukage-d8qt9mo.jpg
Deleted:                        89,064  C:\Heaven\Haven\brothel\saasu maa ka rape hote dekh maine pita ji ke land ko sehlana shuru kiya\debbie-sath-blue-sheer 12.jpg
Deleted:                        88,163  C:\Heaven\Haven\brothel\maine dekha ki Maa me ghore ka lund fasan hua h\jordan-carver-juicy-boobs-babe 6.jpg
Deleted:                        87,415  C:\Heaven\Haven\brothel\maine dekha ki Maa me ghore ka lund fasan hua h\jordan-carver-juicy-boobs-babe 12.jpg
Deleted:                        87,049  C:\Heaven\Haven\brothel\maine apni sauteli saali ko aapa Kho kar choda\louise-jenson-ultra-tight-dress 7.jpg
Deleted:                        85,251  C:\Heaven\Haven\brothel\maine apni sauteli saali ko aapa Kho kar choda\penny-mathis-fantastic-flirt 11.jpg
Deleted:                        84,953  C:\Heaven\Haven\brothel\ArtiFacial\hellsingvictoriacerasbyprywinko-d31jdme.jpg
Deleted:                        84,872  C:\Heaven\Haven\brothel\saasu maa ka rape hote dekh maine pita ji ke land ko sehlana shuru kiya\jolina-ford-booty-babe-showgirlz-exclusive 6.jpg
Deleted:                        84,336  C:\Heaven\Haven\brothel\maine dekha ki Maa me ghore ka lund fasan hua h\penny-mathis-blue-bath 1.jpg
Deleted:                        84,318  C:\Heaven\Haven\brothel\bahen ko bus me randy bana ke choda\sin-the-right-curves-showgirl 7.jpg
Deleted:                        82,814  C:\Heaven\Haven\brothel\bahen ko bus me randy bana ke choda\sin-the-right-curves-showgirl 6.jpg
Deleted:                        82,226  C:\Heaven\Haven\brothel\maine dekha ki Maa me ghore ka lund fasan hua h\penny-mathis-blue-bath 4.jpg
Deleted:                        82,226  C:\Heaven\Haven\brothel\saasu maa ka rape hote dekh maine pita ji ke land ko sehlana shuru kiya\penny-mathis-hot-bubble-bath 2.jpg
Deleted:                        78,924  C:\Heaven\Haven\brothel\maine dekha ki Maa me ghore ka lund fasan hua h\penny-mathis-blue-bath 3.jpg
Deleted:                        76,038  C:\Heaven\Haven\brothel\saasu maa ka rape hote dekh maine pita ji ke land ko sehlana shuru kiya\jolina-ford-booty-babe-showgirlz-exclusive 7.jpg
Deleted:                        75,757  C:\Heaven\Haven\brothel\saasu maa ka rape hote dekh maine pita ji ke land ko sehlana shuru kiya\penny-mathis-hot-bubble-bath 9.jpg
Deleted:                        75,757  C:\Heaven\Haven\brothel\maine dekha ki Maa me ghore ka lund fasan hua h\penny-mathis-blue-bath 9.jpg
Deleted:                        75,559  C:\Heaven\Haven\brothel\saasu maa ka rape hote dekh maine pita ji ke land ko sehlana shuru kiya\jolina-ford-booty-babe-showgirlz-exclusive 2.jpg
Deleted:                        75,421  C:\Heaven\Haven\brothel\bahen ko bus me randy bana ke choda\lacey-banghard-sexy 1.jpg
Deleted:                        73,574  C:\Heaven\Haven\brothel\bahen ko bus me randy bana ke choda\sin-the-right-curves-showgirl 9.jpg
Deleted:                        73,555  C:\Heaven\Haven\brothel\saasu maa ka rape hote dekh maine pita ji ke land ko sehlana shuru kiya\jolina-ford-booty-babe-showgirlz-exclusive 1.jpg
Deleted:                        72,627  C:\Heaven\Haven\brothel\maine apni sauteli saali ko aapa Kho kar choda\louise-jenson-ultra-tight-dress 3.jpg
Deleted:                        71,245  C:\Heaven\Haven\brothel\bahen ko bus me randy bana ke choda\sin-the-right-curves-showgirl 2.jpg
Deleted:                        70,585  C:\Heaven\Haven\brothel\saasu maa ka rape hote dekh maine pita ji ke land ko sehlana shuru kiya\penny-mathis-hot-bubble-bath 10.jpg
Deleted:                        70,003  C:\Heaven\Haven\brothel\saasu maa ka rape hote dekh maine pita ji ke land ko sehlana shuru kiya\penny-mathis-hot-bubble-bath 11.jpg
Deleted:                        68,016  C:\Heaven\Haven\brothel\saasu maa ka rape hote dekh maine pita ji ke land ko sehlana shuru kiya\penny-mathis-hot-bubble-bath 8.jpg
Deleted:                        65,454  C:\Heaven\Haven\brothel\saasu maa ka rape hote dekh maine pita ji ke land ko sehlana shuru kiya\penny-mathis-hot-bubble-bath 6.jpg
Deleted:                        65,454  C:\Heaven\Haven\brothel\maine dekha ki Maa me ghore ka lund fasan hua h\penny-mathis-blue-bath 8.jpg
Deleted:                        65,320  C:\Heaven\Haven\brothel\bahen ko bus me randy bana ke choda\sin-the-right-curves-showgirl 1.jpg
Deleted:                        65,316  C:\Heaven\Haven\brothel\ArtiFacial\doaxvvmassageofthegoddessgifbyrustiko2390-dc4naut.jpg
Deleted:                        64,658  C:\Heaven\Haven\brothel\maine dekha ki Maa me ghore ka lund fasan hua h\penny-mathis-blue-bath 7.jpg
Deleted:                        62,497  C:\Heaven\Haven\brothel\saasu maa ka rape hote dekh maine pita ji ke land ko sehlana shuru kiya\penny-mathis-hot-bubble-bath 12.jpg
Deleted:                        61,431  C:\Heaven\Haven\brothel\pita ji ko dekh kar maine apna pallu gira diya\krissyjae(BiWRUqiH2gR).jpg
Deleted:                        61,431  C:\Heaven\Haven\brothel\pita ji ko dekh kar maine apna pallu gira diya\krissyjae(BiWRlHAHWB1).jpg
Deleted:                        61,431  C:\Heaven\Haven\brothel\pita ji ko dekh kar maine apna pallu gira diya\krissyjae(BiWRaL0n5QN).jpg
Deleted:                        61,431  C:\Heaven\Haven\brothel\pita ji ko dekh kar maine apna pallu gira diya\krissyjae(BiWRwCoHunW).jpg
Deleted:                        61,431  C:\Heaven\Haven\brothel\pita ji ko dekh kar maine apna pallu gira diya\krissyjae(BiWR00Xn5zh).jpg
Deleted:                        61,431  C:\Heaven\Haven\brothel\pita ji ko dekh kar maine apna pallu gira diya\krissyjae(BiWQ-DHnBib).jpg
Deleted:                        61,431  C:\Heaven\Haven\brothel\pita ji ko dekh kar maine apna pallu gira diya\krissyjae(BiWRqh-Hk67).jpg
Deleted:                        61,431  C:\Heaven\Haven\brothel\pita ji ko dekh kar maine apna pallu gira diya\krissyjae(BiWRfpYnQ-f).jpg
Deleted:                        61,431  C:\Heaven\Haven\brothel\pita ji ko dekh kar maine apna pallu gira diya\krissyjae(BiWRDicnXWs).jpg
Deleted:                        61,431  C:\Heaven\Haven\brothel\pita ji ko dekh kar maine apna pallu gira diya\krissyjae(BiWRI-rHMSA).jpg
Deleted:                        61,307  C:\Heaven\Haven\brothel\bhabhi ka rape hote dekh Maine muth mara\only1jshea(Bi18U8bhQDB).jpg
Deleted:                        56,506  C:\Heaven\Haven\brothel\bahen ko bus me randy bana ke choda\bryci-fingered-in-shower 5.jpg
Deleted:                        37,607  C:\Heaven\Haven\brothel\bahen ko bus me randy bana ke choda\bryci-hitachi 1.jpg
Deleted:                        29,911  C:\Heaven\Haven\brothel\bahen ko bus me randy bana ke choda\bryci-kinky-screencaps 1.jpg
Deleted:                        26,991  C:\Heaven\Haven\brothel\bahen ko bus me randy bana ke choda\bryci-backseat 5.jpg
Deleted:                        26,730  C:\Heaven\Haven\brothel\bahen ko bus me randy bana ke choda\bryci-squirting 1.jpg
Deleted:                        10,693  C:\Heaven\Haven\brothel\ArtiFacial\ng3massageofthegoddess01byrustiko2390-dbzv0jv.jpg
Deleted:                        10,693  C:\Heaven\Haven\brothel\ArtiFacial\ng3massageofthegoddess03byrustiko2390-dbzv31l.jpg
Deleted:                        10,693  C:\Heaven\Haven\brothel\ArtiFacial\ng3massageofthegoddess05byrustiko2390-dbzv2x1.jpg
Deleted:                        10,693  C:\Heaven\Haven\brothel\ArtiFacial\ng3massageofthegoddess02byrustiko2390-dbzv0y8.jpg


CloneSpy session started on 19.05.2018  12:41. Examining duplicates. Deleting files with longer file name.



CloneSpy session started on 20.05.2018  15:03. Examining duplicates. Deleting files with longer file name.



CloneSpy session started on 20.05.2018  15:03. Examining duplicates. Deleting files with longer file name.

Deleted:                     1,498,003  C:\Heaven\Haven\brothel\cousin ne Bhikhari se chudwaya\Hot and Hard Carmin Blue shows off her hardbody 15.jpg
Deleted:                     1,330,035  C:\Heaven\Haven\brothel\cousin ne Bhikhari se chudwaya\Hot and Hard Carmin Blue shows off her hardbody 18.jpg
Deleted:                     1,243,008  C:\Heaven\Haven\brothel\cousin ne Bhikhari se chudwaya\Hot and Hard Carmin Blue shows off her hardbody 12.jpg
Deleted:                       601,112  C:\Heaven\Haven\brothel\cousin ne Bhikhari se chudwaya\jessica-guimaraes-busty-bella 1.jpg
Deleted:                       171,957  C:\Heaven\Haven\brothel\cousin ne Bhikhari se chudwaya\jessie-blondie-webcam-model 9.jpg
Deleted:                       132,127  C:\Heaven\Haven\brothel\cousin ne Bhikhari se chudwaya\jessica-miss-rabbit-exotic 1.jpg
Deleted:                       132,089  C:\Heaven\Haven\brothel\cousin ne Bhikhari se chudwaya\jessica-miss-rabbit-exotic 9.jpg
Deleted:                       127,971  C:\Heaven\Haven\brothel\cousin ne Bhikhari se chudwaya\kandis-incredible-curves 4.jpg
Deleted:                       126,863  C:\Heaven\Haven\brothel\cousin ne Bhikhari se chudwaya\jessica-burciaga-wet-bikini 1.jpg
Deleted:                       111,000  C:\Heaven\Haven\brothel\cousin ne Bhikhari se chudwaya\kandis-incredible-curves 5.jpg
Deleted:                       106,481  C:\Heaven\Haven\brothel\cousin ne Bhikhari se chudwaya\erika-ivette-blue-bikini 8.jpg
Deleted:                       101,537  C:\Heaven\Haven\brothel\cousin ne Bhikhari se chudwaya\fernanda-almeida-sheer 1.jpg
Deleted:                        93,565  C:\Heaven\Haven\brothel\cousin ne Bhikhari se chudwaya\kandis-incredible-curves 6.jpg
Deleted:                        91,283  C:\Heaven\Haven\brothel\cousin ne Bhikhari se chudwaya\jessica-miss-rabbit-hotel 1.jpg


CloneSpy session started on 21.05.2018  19:59. Examining duplicates. Deleting files with longer file name.



CloneSpy session started on 26.05.2018  19:44. Examining duplicates. Deleting files with longer file name.

Deleted:                     1,713,053  C:\Heaven\Haven\brothel\bete ki suhagraat me pahle maine maze liye\Embers first time with 2 Cocks 2.jpg
Deleted:                     1,713,053  C:\Heaven\Haven\brothel\bete ki suhagraat me pahle maine maze liye\Embers first time with 2 Cocks 9.jpg
Deleted:                     1,619,881  C:\Heaven\Haven\brothel\pati ke dost ne meri skirt me hath dala sinisterBabes\starletsofny(BjOWvNslj63).jpg
Deleted:                     1,582,182  C:\Heaven\Haven\brothel\bete ki suhagraat me pahle maine maze liye\leah-jaye-sunbathing 9.jpg
Deleted:                     1,343,488  C:\Heaven\Haven\brothel\bete ki suhagraat me pahle maine maze liye\leah-jaye-sunbathing 6.jpg
Deleted:                     1,267,224  C:\Heaven\Haven\brothel\bete ki suhagraat me pahle maine maze liye\Spicing things up 2.jpg
Deleted:                     1,184,486  C:\Heaven\Haven\brothel\bete ki suhagraat me pahle maine maze liye\Ember gets to know Tia 16.jpg
Deleted:                     1,084,600  C:\Heaven\Haven\brothel\bete ki suhagraat me pahle maine maze liye\Spicing things up 7.jpg
Deleted:                     1,052,715  C:\Heaven\Haven\brothel\bete ki suhagraat me pahle maine maze liye\kiki-kumings-candid-boobs 5.jpg
Deleted:                       915,386  C:\Heaven\Haven\brothel\Maa ki patto ko chata\charley-busty-babe-actiongirls 2.jpg
Deleted:                       864,668  C:\Heaven\Haven\brothel\bete ki suhagraat me pahle maine maze liye\mya-jane-army-jeep 8.jpg
Deleted:                       849,731  C:\Heaven\Haven\brothel\bete ki suhagraat me pahle maine maze liye\kiki-kumings-candid-boobs 7.jpg
Deleted:                       818,593  C:\Heaven\Haven\brothel\bete ki suhagraat me pahle maine maze liye\mya-jane-army-jeep 6.jpg
Deleted:                       797,377  C:\Heaven\Haven\brothel\Maa ki patto ko chata\charley-busty-babe-actiongirls 1.jpg
Deleted:                       778,616  C:\Heaven\Haven\brothel\Maa ki patto ko chata\charley-busty-babe-actiongirls 9.jpg
Deleted:                       750,303  C:\Heaven\Haven\brothel\bete ki suhagraat me pahle maine maze liye\melissa-debling-black-sheer 1.jpg
Deleted:                       723,766  C:\Heaven\Haven\brothel\maine dekha ki beti me kutte ka lund fasan hua h\jessica-canizales-string-bikini 4.jpg
Deleted:                       673,307  C:\Heaven\Haven\brothel\maine dekha ki beti me kutte ka lund fasan hua h\jessica-canizales-string-bikini 1.jpg
Deleted:                       657,792  C:\Heaven\Haven\brothel\maine dekha ki beti me kutte ka lund fasan hua h\jessica-canizales-string-bikini 2.jpg
Deleted:                       610,193  C:\Heaven\Haven\brothel\Maa ki patto ko chata\charley-busty-babe-actiongirls 5.jpg
Deleted:                       596,232  C:\Heaven\Haven\brothel\maine apni sauteli saali ko aapa Kho kar choda\jordan-carver-wet-and-wild-actiongirl 8.jpg
Deleted:                       591,733  C:\Heaven\Haven\brothel\maine dekha ki beti me kutte ka lund fasan hua h\jessica-canizales-string-bikini 10.jpg
Deleted:                       574,349  C:\Heaven\Haven\brothel\Maa ki patto ko chata\charley-busty-babe-actiongirls 4.jpg
Deleted:                       564,146  C:\Heaven\Haven\brothel\maine apni sauteli saali ko aapa Kho kar choda\jordan-carver-wet-and-wild-actiongirl 1.jpg
Deleted:                       557,204  C:\Heaven\Haven\brothel\maine apni sauteli saali ko aapa Kho kar choda\jordan-carver-wet-and-wild-actiongirl 2.jpg
Deleted:                       555,347  C:\Heaven\Haven\brothel\maine dekha ki beti me kutte ka lund fasan hua h\taylor-vixen-fully-nude 11.jpg
Deleted:                       551,090  C:\Heaven\Haven\brothel\maine dekha ki beti me kutte ka lund fasan hua h\jessica-canizales-string-bikini 8.jpg
Deleted:                       498,737  C:\Heaven\Haven\brothel\maine dekha ki beti me kutte ka lund fasan hua h\taylor-vixen-fully-nude 5.jpg
Deleted:                       487,571  C:\Heaven\Haven\brothel\maine dekha ki beti me kutte ka lund fasan hua h\taylor-vixen-fully-nude 10.jpg
Deleted:                       486,325  C:\Heaven\Haven\brothel\maine apni sauteli saali ko aapa Kho kar choda\jordan-carver-wet-and-wild-actiongirl 7.jpg
Deleted:                       483,287  C:\Heaven\Haven\brothel\maine apni sauteli saali ko aapa Kho kar choda\jordan-carver-wet-and-wild-actiongirl 12.jpg
Deleted:                       479,823  C:\Heaven\Haven\brothel\Maa ki patto ko chata\charley-busty-babe-actiongirls 7.jpg
Deleted:                       467,000  C:\Heaven\Haven\brothel\maine dekha ki beti me kutte ka lund fasan hua h\mya-busty-actiongirl 7.jpg
Deleted:                       465,896  C:\Heaven\Haven\brothel\maine dekha ki beti me kutte ka lund fasan hua h\jessica-canizales-string-bikini 6.jpg
Deleted:                       461,660  C:\Heaven\Haven\brothel\Maa ki patto ko chata\charley-busty-babe-actiongirls 11.jpg
Deleted:                       453,863  C:\Heaven\Haven\brothel\maine dekha ki beti me kutte ka lund fasan hua h\jessica-canizales-string-bikini 5.jpg
Deleted:                       447,471  C:\Heaven\Haven\brothel\maine apni sauteli saali ko aapa Kho kar choda\jordan-carver-wet-and-wild-actiongirl 5.jpg
Deleted:                       439,761  C:\Heaven\Haven\brothel\maine dekha ki beti me kutte ka lund fasan hua h\jessica-canizales-string-bikini 11.jpg
Deleted:                       434,952  C:\Heaven\Haven\brothel\maine apni sauteli saali ko aapa Kho kar choda\jordan-carver-wet-and-wild-actiongirl 9.jpg
Deleted:                       434,933  C:\Heaven\Haven\brothel\Maa ki patto ko chata\charley-busty-babe-actiongirls 12.jpg
Deleted:                       427,127  C:\Heaven\Haven\brothel\maine dekha ki beti me kutte ka lund fasan hua h\jessica-canizales-string-bikini 9.jpg
Deleted:                       404,200  C:\Heaven\Haven\brothel\maine apni sauteli saali ko aapa Kho kar choda\jordan-carver-wet-and-wild-actiongirl 6.jpg
Deleted:                       402,693  C:\Heaven\Haven\brothel\maine dekha ki beti me kutte ka lund fasan hua h\mya-busty-actiongirl 6.jpg
Deleted:                       398,945  C:\Heaven\Haven\brothel\bete ki suhagraat me pahle maine maze liye\kiki-kumings-candid-boobs 8.jpg
Deleted:                       397,944  C:\Heaven\Haven\brothel\maine dekha ki beti me kutte ka lund fasan hua h\mya-busty-actiongirl 5.jpg
Deleted:                       391,981  C:\Heaven\Haven\brothel\maine dekha ki beti me kutte ka lund fasan hua h\alexa-loren-tight-dress 4.jpg
Deleted:                       386,755  C:\Heaven\Haven\brothel\maine dekha ki beti me kutte ka lund fasan hua h\taylor-vixen-fully-nude 8.jpg
Deleted:                       380,518  C:\Heaven\Haven\brothel\bete ki suhagraat me pahle maine maze liye\kiki-kumings-candid-boobs 6.jpg
Deleted:                       373,552  C:\Heaven\Haven\brothel\maine apni sauteli saali ko aapa Kho kar choda\jordan-carver-wet-and-wild-actiongirl 3.jpg
Deleted:                       367,125  C:\Heaven\Haven\brothel\maine dekha ki beti me kutte ka lund fasan hua h\penny-mathis-zipper-down 6.jpg
Deleted:                       362,694  C:\Heaven\Haven\brothel\maine dekha ki beti me kutte ka lund fasan hua h\alexa-loren-tight-dress 3.jpg
Deleted:                       355,971  C:\Heaven\Haven\brothel\maine dekha ki beti me kutte ka lund fasan hua h\taylor-vixen-fully-nude 9.jpg
Deleted:                       355,082  C:\Heaven\Haven\brothel\maine apni sauteli saali ko aapa Kho kar choda\jordan-carver-wet-and-wild-actiongirl 11.jpg
Deleted:                       351,133  C:\Heaven\Haven\brothel\bahen ko bus me randy bana ke choda\jenny-p-leather-actiongirl 5.jpg
Deleted:                       350,961  C:\Heaven\Haven\brothel\maine apni sauteli saali ko aapa Kho kar choda\jordan-carver-wet-and-wild-actiongirl 10.jpg
Deleted:                       350,487  C:\Heaven\Haven\brothel\maine dekha ki beti me kutte ka lund fasan hua h\mya-busty-actiongirl 9.jpg
Deleted:                       340,983  C:\Heaven\Haven\brothel\bahen ko bus me randy bana ke choda\jenny-p-leather-actiongirl 4.jpg
Deleted:                       330,905  C:\Heaven\Haven\brothel\maine dekha ki beti me kutte ka lund fasan hua h\mya-busty-actiongirl 10.jpg
Deleted:                       330,096  C:\Heaven\Haven\brothel\maine dekha ki beti me kutte ka lund fasan hua h\alexa-loren-tight-dress 7.jpg
Deleted:                       326,472  C:\Heaven\Haven\brothel\cousin ne Bhikhari se chudwaya\joice-brum-red-lingerie-booty 12.jpg
Deleted:                       317,660  C:\Heaven\Haven\brothel\maine dekha ki beti me kutte ka lund fasan hua h\mya-busty-actiongirl 8.jpg
Deleted:                       314,967  C:\Heaven\Haven\brothel\maine dekha ki beti me kutte ka lund fasan hua h\alexa-loren-tight-dress 1.jpg
Deleted:                       312,167  C:\Heaven\Haven\brothel\maine dekha ki beti me kutte ka lund fasan hua h\penny-mathis-zipper-down 7.jpg
Deleted:                       296,035  C:\Heaven\Haven\brothel\maine dekha ki Maa me ghore ka lund fasan hua h\lucy-vixen-lingerie-couch 8.jpg
Deleted:                       293,070  C:\Heaven\Haven\brothel\pita ji ko dekh kar maine apna pallu gira diya sinisterBabes\officialdelianna(BjFcZk0HmM8).jpg
Deleted:                       293,070  C:\Heaven\Haven\brothel\pita ji ko dekh kar maine apna pallu gira diya sinisterBabes\xbluediamond(BjGTe1uHets).jpg
Deleted:                       293,070  C:\Heaven\Haven\brothel\pita ji ko dekh kar maine apna pallu gira diya sinisterBabes\scarlettredd(BjFtPuGgJRP).jpg
Deleted:                       293,070  C:\Heaven\Haven\brothel\pita ji ko dekh kar maine apna pallu gira diya sinisterBabes\scarlettredd(BjFa7mvAurl).jpg
Deleted:                       293,070  C:\Heaven\Haven\brothel\pita ji ko dekh kar maine apna pallu gira diya sinisterBabes\scarlettredd(BjDPieOAIm2).jpg
Deleted:                       293,070  C:\Heaven\Haven\brothel\pita ji ko dekh kar maine apna pallu gira diya sinisterBabes\officialdelianna(BjCMgJ9HsiO).jpg
Deleted:                       285,946  C:\Heaven\Haven\brothel\bete ki suhagraat me pahle maine maze liye\laura-dore-lovely-ass 9.jpg
Deleted:                       285,327  C:\Heaven\Haven\brothel\maine dekha ki beti me kutte ka lund fasan hua h\penny-mathis-zipper-down 5.jpg
Deleted:                       279,248  C:\Heaven\Haven\brothel\bete ki suhagraat me pahle maine maze liye\kristen-pyles-classy 2.jpg
Deleted:                       278,261  C:\Heaven\Haven\brothel\maine dekha ki beti me kutte ka lund fasan hua h\alexa-loren-tight-dress 6.jpg
Deleted:                       272,478  C:\Heaven\Haven\brothel\maine dekha ki beti me kutte ka lund fasan hua h\taylor-vixen-fully-nude 3.jpg
Deleted:                       271,971  C:\Heaven\Haven\brothel\maine dekha ki beti me kutte ka lund fasan hua h\taylor-vixen-lucky-chair 9.jpg
Deleted:                       270,518  C:\Heaven\Haven\brothel\maine dekha ki beti me kutte ka lund fasan hua h\alexa-loren-tight-dress 5.jpg
Deleted:                       268,732  C:\Heaven\Haven\brothel\bete ki suhagraat me pahle maine maze liye\laura-dore-lovely-ass 12.jpg
Deleted:                       268,182  C:\Heaven\Haven\brothel\pita ji ko dekh kar maine apna pallu gira diya sinisterBabes\xbluediamond(BjGDlVNHvo0).jpg
Deleted:                       265,530  C:\Heaven\Haven\brothel\cousin ne Bhikhari se chudwaya\jessica-canizales-sexy-black-outfit 6.jpg
Deleted:                       265,350  C:\Heaven\Haven\brothel\pati ke dost ne meri skirt me hath dala sinisterBabes\imericamonique(BjIM7NegrcD).jpg
Deleted:                       265,350  C:\Heaven\Haven\brothel\pati ke dost ne meri skirt me hath dala sinisterBabes\imericamonique(BjI1WLxA0ND).jpg
Deleted:                       261,236  C:\Heaven\Haven\brothel\bete ki suhagraat me pahle maine maze liye\kristen-pyles-classy 9.jpg
Deleted:                       260,568  C:\Heaven\Haven\brothel\maine dekha ki beti me kutte ka lund fasan hua h\taylor-vixen-lucky-chair 8.jpg
Deleted:                       260,423  C:\Heaven\Haven\brothel\bete ki suhagraat me pahle maine maze liye\kristen-pyles-classy 1.jpg
Deleted:                       257,279  C:\Heaven\Haven\brothel\bete ki suhagraat me pahle maine maze liye\laura-dore-lovely-ass 10.jpg
Deleted:                       253,629  C:\Heaven\Haven\brothel\bete ki suhagraat me pahle maine maze liye\kristen-pyles-classy 4.jpg
Deleted:                       251,798  C:\Heaven\Haven\brothel\maine dekha ki beti me kutte ka lund fasan hua h\mya-busty-actiongirl 12.jpg
Deleted:                       250,355  C:\Heaven\Haven\brothel\bete ki suhagraat me pahle maine maze liye\lindsey-dawn-mckenzie-purple-passion 9.jpg
Deleted:                       248,295  C:\Heaven\Haven\brothel\maine dekha ki beti me kutte ka lund fasan hua h\penny-mathis-zipper-down 11.jpg
Deleted:                       245,327  C:\Heaven\Haven\brothel\bete ki suhagraat me pahle maine maze liye\kristen-pyles-classy 6.jpg
Deleted:                       244,126  C:\Heaven\Haven\brothel\bete ki suhagraat me pahle maine maze liye\lindsey-dawn-mckenzie-purple-passion 12.jpg
Deleted:                       242,848  C:\Heaven\Haven\brothel\bete ki suhagraat me pahle maine maze liye\lindsey-dawn-mckenzie-purple-passion 6.jpg
Deleted:                       242,310  C:\Heaven\Haven\brothel\bete ki suhagraat me pahle maine maze liye\laura-dore-lovely-ass 1.jpg
Deleted:                       242,020  C:\Heaven\Haven\brothel\bete ki suhagraat me pahle maine maze liye\lindsey-dawn-mckenzie-purple-passion 5.jpg
Deleted:                       241,587  C:\Heaven\Haven\brothel\bete ki suhagraat me pahle maine maze liye\lindsey-dawn-mckenzie-purple-passion 7.jpg
Deleted:                       241,549  C:\Heaven\Haven\brothel\maine dekha ki beti me kutte ka lund fasan hua h\taylor-vixen-undies 1.jpg
Deleted:                       241,193  C:\Heaven\Haven\brothel\maine dekha ki beti me kutte ka lund fasan hua h\emma-and-nadia-busty 8.jpg
Deleted:                       240,762  C:\Heaven\Haven\brothel\bete ki suhagraat me pahle maine maze liye\lindsey-dawn-mckenzie-purple-passion 3.jpg
Deleted:                       239,503  C:\Heaven\Haven\brothel\bete ki suhagraat me pahle maine maze liye\kristen-pyles-classy 7.jpg
Deleted:                       235,687  C:\Heaven\Haven\brothel\maine dekha ki beti me kutte ka lund fasan hua h\penny-mathis-zipper-down 8.jpg
Deleted:                       233,779  C:\Heaven\Haven\brothel\bete ki suhagraat me pahle maine maze liye\lindsey-dawn-mckenzie-purple-passion 8.jpg
Deleted:                       233,280  C:\Heaven\Haven\brothel\bete ki suhagraat me pahle maine maze liye\lindsey-dawn-mckenzie-purple-passion 1.jpg
Deleted:                       232,797  C:\Heaven\Haven\brothel\maine dekha ki Maa me ghore ka lund fasan hua h\lucy-vixen-lingerie-couch 6.jpg
Deleted:                       232,311  C:\Heaven\Haven\brothel\bete ki suhagraat me pahle maine maze liye\lindsey-dawn-mckenzie-purple-passion 2.jpg
Deleted:                       232,002  C:\Heaven\Haven\brothel\maine dekha ki beti me kutte ka lund fasan hua h\penny-mathis-zipper-down 10.jpg
Deleted:                       231,638  C:\Heaven\Haven\brothel\bete ki suhagraat me pahle maine maze liye\lindsey-dawn-mckenzie-purple-passion 10.jpg
Deleted:                       230,629  C:\Heaven\Haven\brothel\bete ki suhagraat me pahle maine maze liye\maria-leanna-micro-bikini 3.jpg
Deleted:                       230,590  C:\Heaven\Haven\brothel\bete ki suhagraat me pahle maine maze liye\kristen-pyles-classy 11.jpg
Deleted:                       230,286  C:\Heaven\Haven\brothel\maine dekha ki beti me kutte ka lund fasan hua h\taylor-vixen-lucky-chair 11.jpg
Deleted:                       230,274  C:\Heaven\Haven\brothel\bahen ko bus me randy bana ke choda\jenny-p-leather-actiongirl 7.jpg
Deleted:                       228,219  C:\Heaven\Haven\brothel\bete ki suhagraat me pahle maine maze liye\misty-gangster-girl 12.jpg
Deleted:                       227,969  C:\Heaven\Haven\brothel\maine dekha ki beti me kutte ka lund fasan hua h\taylor-vixen-undies 2.jpg
Deleted:                       227,777  C:\Heaven\Haven\brothel\pati ke dost ne meri skirt me hath dala sinisterBabes\starletsofny(BjN1oHSF3NS).jpg
Deleted:                       220,765  C:\Heaven\Haven\brothel\bete ki suhagraat me pahle maine maze liye\laura-dore-lovely-ass 3.jpg
Deleted:                       216,447  C:\Heaven\Haven\brothel\pati ke dost ne meri skirt me hath dala sinisterBabes\starletsofny(BjLfpkAlxK3).jpg
Deleted:                       216,430  C:\Heaven\Haven\brothel\pati ke dost ne meri skirt me hath dala sinisterBabes\officialdelianna(BjM8kC1newV).jpg
Deleted:                       216,269  C:\Heaven\Haven\brothel\maine dekha ki beti me kutte ka lund fasan hua h\alexa-loren-tight-dress 9.jpg
Deleted:                       215,855  C:\Heaven\Haven\brothel\bete ki suhagraat me pahle maine maze liye\maria-leanna-micro-bikini 2.jpg
Deleted:                       215,469  C:\Heaven\Haven\brothel\bete ki suhagraat me pahle maine maze liye\maria-leanna-micro-bikini 1.jpg
Deleted:                       212,282  C:\Heaven\Haven\brothel\maine dekha ki beti me kutte ka lund fasan hua h\taylor-vixen-lucky-chair 7.jpg
Deleted:                       210,569  C:\Heaven\Haven\brothel\bete ki suhagraat me pahle maine maze liye\maria-leanna-micro-bikini 7.jpg
Deleted:                       209,878  C:\Heaven\Haven\brothel\bete ki suhagraat me pahle maine maze liye\maria-leanna-micro-bikini 5.jpg
Deleted:                       209,600  C:\Heaven\Haven\brothel\bete ki suhagraat me pahle maine maze liye\laura-dore-lovely-ass 7.jpg
Deleted:                       208,337  C:\Heaven\Haven\brothel\bete ki suhagraat me pahle maine maze liye\laura-dore-lovely-ass 11.jpg
Deleted:                       204,117  C:\Heaven\Haven\brothel\pati ke dost ne meri skirt me hath dala sinisterBabes\starletsofny(BjLf01JFNaF).jpg
Deleted:                       204,112  C:\Heaven\Haven\brothel\pati ke dost ne meri skirt me hath dala sinisterBabes\scarlettredd(BjIxygzAQHp).jpg
Deleted:                       204,112  C:\Heaven\Haven\brothel\pati ke dost ne meri skirt me hath dala sinisterBabes\scarlettredd(BjLkZlWANkg).jpg
Deleted:                       204,112  C:\Heaven\Haven\brothel\pati ke dost ne meri skirt me hath dala sinisterBabes\xbluediamond(BjKpS4nY5P).jpg
Deleted:                       204,112  C:\Heaven\Haven\brothel\pati ke dost ne meri skirt me hath dala sinisterBabes\scarlettredd(BjK4C1qgNrP).jpg
Deleted:                       202,414  C:\Heaven\Haven\brothel\bete ki suhagraat me pahle maine maze liye\maria-leanna-micro-bikini 4.jpg
Deleted:                       201,573  C:\Heaven\Haven\brothel\pati ke dost ne meri skirt me hath dala sinisterBabes\starletsofny(BjLfxLlFlU).jpg
Deleted:                       201,573  C:\Heaven\Haven\brothel\pati ke dost ne meri skirt me hath dala sinisterBabes\sffoxx(BjNgpavAGUU).jpg
Deleted:                       195,744  C:\Heaven\Haven\brothel\bete ki suhagraat me pahle maine maze liye\laura-dore-lovely-ass 5.jpg
Deleted:                       194,509  C:\Heaven\Haven\brothel\bete ki suhagraat me pahle maine maze liye\laura-dore-lovely-ass 2.jpg
Deleted:                       193,484  C:\Heaven\Haven\brothel\bete ki suhagraat me pahle maine maze liye\maria-leanna-micro-bikini 8.jpg
Deleted:                       188,947  C:\Heaven\Haven\brothel\maine dekha ki beti me kutte ka lund fasan hua h\taylor-vixen-undies 4.jpg
Deleted:                       188,123  C:\Heaven\Haven\brothel\bete ki suhagraat me pahle maine maze liye\lucy-v-black-lingerie 6.jpg
Deleted:                       187,647  C:\Heaven\Haven\brothel\maine dekha ki beti me kutte ka lund fasan hua h\alley-baggett-disobedient 10.jpg
Deleted:                       187,047  C:\Heaven\Haven\brothel\bete ki suhagraat me pahle maine maze liye\maria-leanna-micro-bikini 9.jpg
Deleted:                       186,923  C:\Heaven\Haven\brothel\maine dekha ki Maa me ghore ka lund fasan hua h\lucy-vixen-lingerie-couch 12.jpg
Deleted:                       184,496  C:\Heaven\Haven\brothel\bete ki suhagraat me pahle maine maze liye\laura-dore-lovely-ass 4.jpg
Deleted:                       184,033  C:\Heaven\Haven\brothel\maine dekha ki beti me kutte ka lund fasan hua h\alley-baggett-disobedient 4.jpg
Deleted:                       183,796  C:\Heaven\Haven\brothel\bete ki suhagraat me pahle maine maze liye\kendra-roll-undress-me-please 12.jpg
Deleted:                       183,517  C:\Heaven\Haven\brothel\bete ki suhagraat me pahle maine maze liye\laura-dore-lovely-ass 6.jpg
Deleted:                       180,829  C:\Heaven\Haven\brothel\bete ki suhagraat me pahle maine maze liye\maria-leanna-micro-bikini 6.jpg
Deleted:                       179,982  C:\Heaven\Haven\brothel\maine dekha ki Maa me ghore ka lund fasan hua h\lucy-vixen-lingerie-couch 10.jpg
Deleted:                       179,233  C:\Heaven\Haven\brothel\maine dekha ki beti me kutte ka lund fasan hua h\brenda-lynn-curvy 1.jpg
Deleted:                       176,317  C:\Heaven\Haven\brothel\maine dekha ki beti me kutte ka lund fasan hua h\jessica-canizales-hot-naked-boobs 1.jpg
Deleted:                       173,460  C:\Heaven\Haven\brothel\maine dekha ki beti me kutte ka lund fasan hua h\alley-baggett-disobedient 8.jpg
Deleted:                       172,337  C:\Heaven\Haven\brothel\pita ji ko dekh kar maine apna pallu gira diya sinisterBabes\mschastidynicole(BjETOPiF32q).jpg
Deleted:                       172,337  C:\Heaven\Haven\brothel\pita ji ko dekh kar maine apna pallu gira diya sinisterBabes\mschastidynicole(BjFsC28le46).jpg
Deleted:                       172,337  C:\Heaven\Haven\brothel\pita ji ko dekh kar maine apna pallu gira diya sinisterBabes\mschastidynicole(BjBbTfiluH).jpg
Deleted:                       172,337  C:\Heaven\Haven\brothel\pita ji ko dekh kar maine apna pallu gira diya sinisterBabes\mschastidynicole(BjGGuO1lCNM).jpg
Deleted:                       170,339  C:\Heaven\Haven\brothel\maine dekha ki beti me kutte ka lund fasan hua h\taylor-vixen-undies 7.jpg
Deleted:                       169,540  C:\Heaven\Haven\brothel\maine dekha ki beti me kutte ka lund fasan hua h\jessica-canizales-hot-naked-boobs 11.jpg
Deleted:                       167,440  C:\Heaven\Haven\brothel\pita ji ko dekh kar maine apna pallu gira diya sinisterBabes\xbluediamond(BjDN1vqnt3C).jpg
Deleted:                       167,440  C:\Heaven\Haven\brothel\pita ji ko dekh kar maine apna pallu gira diya sinisterBabes\imericamonique(BjDZuaAgF7L).jpg
Deleted:                       167,440  C:\Heaven\Haven\brothel\pita ji ko dekh kar maine apna pallu gira diya sinisterBabes\imericamonique(BjCiq4mggjq).jpg
Deleted:                       167,440  C:\Heaven\Haven\brothel\pita ji ko dekh kar maine apna pallu gira diya sinisterBabes\imericamonique(BjDIdEGg3PA).jpg
Deleted:                       166,379  C:\Heaven\Haven\brothel\maine dekha ki beti me kutte ka lund fasan hua h\taylor-vixen-undies 6.jpg
Deleted:                       165,655  C:\Heaven\Haven\brothel\bete ki suhagraat me pahle maine maze liye\lucy-v-black-lingerie 7.jpg
Deleted:                       164,820  C:\Heaven\Haven\brothel\bete ki suhagraat me pahle maine maze liye\kendra-jordan-sheer 3.jpg
Deleted:                       164,573  C:\Heaven\Haven\brothel\maine dekha ki beti me kutte ka lund fasan hua h\alley-baggett-disobedient 3.jpg
Deleted:                       162,976  C:\Heaven\Haven\brothel\bete ki suhagraat me pahle maine maze liye\maria-leanna-micro-bikini 11.jpg
Deleted:                       162,779  C:\Heaven\Haven\brothel\maine dekha ki beti me kutte ka lund fasan hua h\jessica-canizales-hot-naked-boobs 2.jpg
Deleted:                       162,120  C:\Heaven\Haven\brothel\bete ki suhagraat me pahle maine maze liye\mileena-hayes-curvy-goddess 8.jpg
Deleted:                       161,870  C:\Heaven\Haven\brothel\pati ke dost ne meri skirt me hath dala sinisterBabes\starletsofny(BjOJBpVlLnl).jpg
Deleted:                       160,891  C:\Heaven\Haven\brothel\bete ki suhagraat me pahle maine maze liye\kendra-jordan-sheer 4.jpg
Deleted:                       159,022  C:\Heaven\Haven\brothel\bete ki suhagraat me pahle maine maze liye\maria-leanna-micro-bikini 12.jpg
Deleted:                       158,413  C:\Heaven\Haven\brothel\maine dekha ki beti me kutte ka lund fasan hua h\alley-baggett-disobedient 1.jpg
Deleted:                       157,857  C:\Heaven\Haven\brothel\maine dekha ki beti me kutte ka lund fasan hua h\alley-baggett-disobedient 12.jpg
Deleted:                       155,412  C:\Heaven\Haven\brothel\bete ki suhagraat me pahle maine maze liye\laura-dore-lovely-ass 8.jpg
Deleted:                       154,541  C:\Heaven\Haven\brothel\maine dekha ki beti me kutte ka lund fasan hua h\jessica-canizales-hot-naked-boobs 10.jpg
Deleted:                       152,693  C:\Heaven\Haven\brothel\maine dekha ki beti me kutte ka lund fasan hua h\jessica-canizales-hot-naked-boobs 4.jpg
Deleted:                       148,678  C:\Heaven\Haven\brothel\pita ji ko dekh kar maine apna pallu gira diya sinisterBabes\scarlettredd(Bi-BSeJgti0).jpg
Deleted:                       148,678  C:\Heaven\Haven\brothel\pita ji ko dekh kar maine apna pallu gira diya sinisterBabes\pinkkisssx(Bi6H3XaFixp).jpg
Deleted:                       148,678  C:\Heaven\Haven\brothel\pita ji ko dekh kar maine apna pallu gira diya sinisterBabes\officialdelianna(Bi8umnvnBhI).jpg
Deleted:                       148,678  C:\Heaven\Haven\brothel\pita ji ko dekh kar maine apna pallu gira diya sinisterBabes\pinkkisssx(Bi2zSeRF-Fu).jpg
Deleted:                       148,678  C:\Heaven\Haven\brothel\pita ji ko dekh kar maine apna pallu gira diya sinisterBabes\pinkkisssx(Bi4twT5lhM8).jpg
Deleted:                       148,678  C:\Heaven\Haven\brothel\pita ji ko dekh kar maine apna pallu gira diya sinisterBabes\pinkkisssx(Bi9-7e2FUq2).jpg
Deleted:                       148,678  C:\Heaven\Haven\brothel\pita ji ko dekh kar maine apna pallu gira diya sinisterBabes\pinkkisssx(Bi8V4Z3F-X9).jpg
Deleted:                       148,678  C:\Heaven\Haven\brothel\pita ji ko dekh kar maine apna pallu gira diya sinisterBabes\pinkkisssx(Bi-EqFMF5mZ).jpg
Deleted:                       147,949  C:\Heaven\Haven\brothel\bete ki suhagraat me pahle maine maze liye\maria-leanna-micro-bikini 10.jpg
Deleted:                       146,887  C:\Heaven\Haven\brothel\pita ji ko dekh kar maine apna pallu gira diya sinisterBabes\xbluediamond(BjF3TyuH8iH).jpg
Deleted:                       145,235  C:\Heaven\Haven\brothel\pati ke dost ne meri skirt me hath dala sinisterBabes\starletsofny(BjN1l67l6Cd).jpg
Deleted:                       142,306  C:\Heaven\Haven\brothel\bete ki suhagraat me pahle maine maze liye\lucy-v-black-lingerie 4.jpg
Deleted:                       140,887  C:\Heaven\Haven\brothel\bete ki suhagraat me pahle maine maze liye\kendra-jordan-sheer 6.jpg
Deleted:                       140,887  C:\Heaven\Haven\brothel\bete ki suhagraat me pahle maine maze liye\kendra-jordan-more-nudes 8.jpg
Deleted:                       139,830  C:\Heaven\Haven\brothel\bete ki suhagraat me pahle maine maze liye\lucy-v-black-lingerie 1.jpg
Deleted:                       134,922  C:\Heaven\Haven\brothel\bete ki suhagraat me pahle maine maze liye\kendra-jordan-sheer 5.jpg
Deleted:                       134,922  C:\Heaven\Haven\brothel\bete ki suhagraat me pahle maine maze liye\kendra-jordan-more-nudes 7.jpg
Deleted:                       134,190  C:\Heaven\Haven\brothel\maine dekha ki beti me kutte ka lund fasan hua h\alley-baggett-disobedient 5.jpg
Deleted:                       133,905  C:\Heaven\Haven\brothel\pati ke dost ne meri skirt me hath dala sinisterBabes\starletsofny(BjNdcShFxfw).jpg
Deleted:                       133,905  C:\Heaven\Haven\brothel\pita ji ko dekh kar maine apna pallu gira diya sinisterBabes\starletsofny(BjGRwQPFXnG).jpg
Deleted:                       130,288  C:\Heaven\Haven\brothel\bete ki suhagraat me pahle maine maze liye\kendra-jordan-sheer 9.jpg
Deleted:                       127,748  C:\Heaven\Haven\brothel\bete ki suhagraat me pahle maine maze liye\kendra-jordan-more-nudes 9.jpg
Deleted:                       127,748  C:\Heaven\Haven\brothel\bete ki suhagraat me pahle maine maze liye\kendra-jordan-sheer 8.jpg
Deleted:                       126,898  C:\Heaven\Haven\brothel\maine dekha ki beti me kutte ka lund fasan hua h\alley-baggett-disobedient 7.jpg
Deleted:                       122,216  C:\Heaven\Haven\brothel\bete ki suhagraat me pahle maine maze liye\kendra-jordan-sheer 7.jpg
Deleted:                       122,066  C:\Heaven\Haven\brothel\bete ki suhagraat me pahle maine maze liye\lucy-v-black-lingerie 12.jpg
Deleted:                       120,656  C:\Heaven\Haven\brothel\bete ki suhagraat me pahle maine maze liye\kendra-jordan-sheer 1.jpg
Deleted:                       119,120  C:\Heaven\Haven\brothel\ArtiFacial\investitureceremonybycglas-dcc3qbt.jpg
Deleted:                       118,475  C:\Heaven\Haven\brothel\maine dekha ki beti me kutte ka lund fasan hua h\alley-baggett-great-bush 8.jpg
Deleted:                       114,535  C:\Heaven\Haven\brothel\maine dekha ki beti me kutte ka lund fasan hua h\alley-baggett-great-bush 9.jpg
Deleted:                       114,395  C:\Heaven\Haven\brothel\maine dekha ki beti me kutte ka lund fasan hua h\alley-baggett-great-bush 12.jpg
Deleted:                       112,539  C:\Heaven\Haven\brothel\pati ke dost ne meri skirt me hath dala sinisterBabes\starletsofny(BjLfs1ulvlN).jpg
Deleted:                       112,539  C:\Heaven\Haven\brothel\pita ji ko dekh kar maine apna pallu gira diya sinisterBabes\starletsofny(BjGRwSPFwYd).jpg
Deleted:                       109,606  C:\Heaven\Haven\brothel\bete ki suhagraat me pahle maine maze liye\kendra-jordan-sheer 2.jpg
Deleted:                       101,743  C:\Heaven\Haven\brothel\pita ji ko dekh kar maine apna pallu gira diya sinisterBabes\imericamonique(BjALuNqAbd-).jpg
Deleted:                        99,342  C:\Heaven\Haven\brothel\maine dekha ki beti me kutte ka lund fasan hua h\cam-with-carmen-sexy-red 1.jpg
Deleted:                        97,636  C:\Heaven\Haven\brothel\maine dekha ki beti me kutte ka lund fasan hua h\alley-baggett-great-bush 11.jpg
Deleted:                        94,871  C:\Heaven\Haven\brothel\maine dekha ki beti me kutte ka lund fasan hua h\cam-with-carmen-sexy-red 2.jpg
Deleted:                        93,994  C:\Heaven\Haven\brothel\maine dekha ki beti me kutte ka lund fasan hua h\alley-baggett-great-bush 6.jpg
Deleted:                        93,422  C:\Heaven\Haven\brothel\maine dekha ki beti me kutte ka lund fasan hua h\alley-baggett-great-bush 4.jpg
Deleted:                        92,767  C:\Heaven\Haven\brothel\bete ki suhagraat me pahle maine maze liye\kim-lee-bikini 1.jpg
Deleted:                        92,553  C:\Heaven\Haven\brothel\bete ki suhagraat me pahle maine maze liye\livia-bra-and-panties 9.jpg
Deleted:                        91,293  C:\Heaven\Haven\brothel\bete ki suhagraat me pahle maine maze liye\melissa-g-pink-bra-and-panties 9.jpg
Deleted:                        90,418  C:\Heaven\Haven\brothel\maine dekha ki beti me kutte ka lund fasan hua h\cam-with-carmen-sexy-red 10.jpg
Deleted:                        89,171  C:\Heaven\Haven\brothel\maine dekha ki beti me kutte ka lund fasan hua h\candace-cabrera-showgirl 7.jpg
Deleted:                        85,589  C:\Heaven\Haven\brothel\cousin ne Bhikhari se chudwaya\jessica-skyy-curvy 3.jpg
Deleted:                        84,348  C:\Heaven\Haven\brothel\maine dekha ki beti me kutte ka lund fasan hua h\alley-baggett-great-bush 2.jpg
Deleted:                        84,079  C:\Heaven\Haven\brothel\bete ki suhagraat me pahle maine maze liye\mya-jane-more-topless 5.jpg
Deleted:                        83,112  C:\Heaven\Haven\brothel\bete ki suhagraat me pahle maine maze liye\mya-jane-more-topless 9.jpg
Deleted:                        81,968  C:\Heaven\Haven\brothel\maine dekha ki beti me kutte ka lund fasan hua h\alley-baggett-great-bush 1.jpg
Deleted:                        80,232  C:\Heaven\Haven\brothel\bahen ko bus me randy bana ke choda\justene-jaro-showgirl 9.jpg
Deleted:                        79,062  C:\Heaven\Haven\brothel\maine dekha ki beti me kutte ka lund fasan hua h\candace-cabrera-showgirl 4.jpg
Deleted:                        78,887  C:\Heaven\Haven\brothel\cousin ne Bhikhari se chudwaya\jessica-skyy-curvy 7.jpg
Deleted:                        77,661  C:\Heaven\Haven\brothel\maine dekha ki beti me kutte ka lund fasan hua h\candace-cabrera-showgirl 8.jpg
Deleted:                        76,624  C:\Heaven\Haven\brothel\bahen ko bus me randy bana ke choda\justene-jaro-showgirl 12.jpg
Deleted:                        76,459  C:\Heaven\Haven\brothel\maine dekha ki beti me kutte ka lund fasan hua h\candace-cabrera-showgirl 9.jpg
Deleted:                        72,017  C:\Heaven\Haven\brothel\bete ki suhagraat me pahle maine maze liye\mya-jane-more-topless 4.jpg
Deleted:                        68,026  C:\Heaven\Haven\brothel\bete ki suhagraat me pahle maine maze liye\lindsey-strutt-see-thru 5.jpg
Deleted:                        67,056  C:\Heaven\Haven\brothel\bete ki suhagraat me pahle maine maze liye\mya-jane-more-topless 3.jpg
Deleted:                        48,818  C:\Heaven\Haven\brothel\pita ji ko dekh kar maine apna pallu gira diya\theonlykiaramia(Bin5r2dANlK).jpg


CloneSpy session started on 26.05.2018  23:52. Examining duplicates. Deleting files with longer file name.



CloneSpy session started on 26.05.2018  23:59. Examining duplicates. Deleting files with longer file name.

Deleted:                       396,555  C:\Heaven\Haven\brothel\aaj holi ke shubh avsar pe sare parivar vale bahen aur beti ko chodne ke liye ikatthe hue\reede-fox-cleavage 1.jpg
Deleted:                       216,447  C:\Heaven\Haven\brothel\pati ke dost ne meri skirt me hath dala sinisterBabes\starletsofny(BjN1qmDlZub).jpg
Deleted:                       212,549  C:\Heaven\Haven\brothel\aaj holi ke shubh avsar pe sare parivar vale bahen aur beti ko chodne ke liye ikatthe hue\reede-fox-secretary 1.jpg
Deleted:                       203,718  C:\Heaven\Haven\brothel\aaj holi ke shubh avsar pe sare parivar vale bahen aur beti ko chodne ke liye ikatthe hue\princess-thick-model-one-piece 12.jpg
Deleted:                       169,054  C:\Heaven\Haven\brothel\aaj holi ke shubh avsar pe sare parivar vale bahen aur beti ko chodne ke liye ikatthe hue\raven-lexy-black-lingerie 1.jpg
Deleted:                       162,847  C:\Heaven\Haven\brothel\pati ke dost ne meri skirt me hath dala sinisterBabes\starletsofny(BjO3WSOljvf).jpg
Deleted:                       161,747  C:\Heaven\Haven\brothel\devar ji ne meri jeans me hath dala\B100622PrachiDesai PrachiDesai09.JPG
Deleted:                       158,283  C:\Heaven\Haven\brothel\aaj holi ke shubh avsar pe sare parivar vale bahen aur beti ko chodne ke liye ikatthe hue\raven-lexy-black-lingerie 2.jpg
Deleted:                       153,374  C:\Heaven\Haven\brothel\devar ji ne meri jeans me hath dala\B140127NehaD NehaDeshpande02.jpg
Deleted:                       150,747  C:\Heaven\Haven\brothel\devar ji ne meri jeans me hath dala\B140127NehaD NehaDeshpande04.jpg
Deleted:                       150,139  C:\Heaven\Haven\brothel\devar ji ne meri jeans me hath dala\B140127NehaD NehaDeshpande01.jpg
Deleted:                       142,157  C:\Heaven\Haven\brothel\devar ji ne meri jeans me hath dala\B180309PR Pranwesha04.jpg
Deleted:                       141,726  C:\Heaven\Haven\brothel\devar ji ne meri jeans me hath dala\B140127NehaD NehaDeshpande06.jpg
Deleted:                       139,906  C:\Heaven\Haven\brothel\devar ji ne meri jeans me hath dala\B140127NehaD NehaDeshpande03.jpg
Deleted:                       137,932  C:\Heaven\Haven\brothel\devar ji ne meri jeans me hath dala\B140127NehaD NehaDeshpande07.jpg
Deleted:                       135,271  C:\Heaven\Haven\brothel\devar ji ne meri jeans me hath dala\B140127NehaD NehaDeshpande05.jpg
Deleted:                       134,798  C:\Heaven\Haven\brothel\aaj holi ke shubh avsar pe sare parivar vale bahen aur beti ko chodne ke liye ikatthe hue\raven-lexy-black-lingerie 3.jpg
Deleted:                       132,397  C:\Heaven\Haven\brothel\aaj holi ke shubh avsar pe sare parivar vale bahen aur beti ko chodne ke liye ikatthe hue\raven-lexy-black-lingerie 7.jpg
Deleted:                       131,863  C:\Heaven\Haven\brothel\devar ji ne meri jeans me hath dala\B140127NehaD NehaDeshpande08.jpg
Deleted:                       129,777  C:\Heaven\Haven\brothel\pati ke dost ne meri skirt me hath dala sinisterBabes\starletsofny(BjO2G-rlJxE).jpg
Deleted:                       128,667  C:\Heaven\Haven\brothel\devar ji ne meri jeans me hath dala\B090402MissIndia2009Finalists MI200908.jpg
Deleted:                       124,231  C:\Heaven\Haven\brothel\devar ji ne meri jeans me hath dala\B180412KA KiaraAdvani08.jpg
Deleted:                       116,492  C:\Heaven\Haven\brothel\pati ke dost ne meri skirt me hath dala sinisterBabes\starletsofny(BjO2I1aF1Cs).jpg
Deleted:                       110,765  C:\Heaven\Haven\brothel\devar ji ne meri jeans me hath dala\B180309PR Pranwesha02.JPG
Deleted:                       103,846  C:\Heaven\Haven\brothel\devar ji ne meri jeans me hath dala\B131014EvelynSharma EvelynSharma02.jpg
Deleted:                       103,312  C:\Heaven\Haven\brothel\devar ji ne meri jeans me hath dala\B180412KA KiaraAdvani10.jpg
Deleted:                       103,193  C:\Heaven\Haven\brothel\devar ji ne meri jeans me hath dala\B101207ShazahnPadamsee ShazahnPadamsee13.JPG
Deleted:                       101,963  C:\Heaven\Haven\brothel\devar ji ne meri jeans me hath dala\B101207ShazahnPadamsee ShazahnPadamsee12.JPG
Deleted:                        99,124  C:\Heaven\Haven\brothel\devar ji ne meri jeans me hath dala\B101207ShazahnPadamsee ShazahnPadamsee14.JPG
Deleted:                        98,244  C:\Heaven\Haven\brothel\devar ji ne meri jeans me hath dala\B101124Sandeepa Sandeepa05.JPG
Deleted:                        96,414  C:\Heaven\Haven\brothel\devar ji ne meri jeans me hath dala\B180210SC SophieChoudry01.JPG
Deleted:                        95,953  C:\Heaven\Haven\brothel\devar ji ne meri jeans me hath dala\B180412KA KiaraAdvani15.jpg
Deleted:                        94,972  C:\Heaven\Haven\brothel\devar ji ne meri jeans me hath dala\B131223EvelynSharma EvelynSharma02.jpg
Deleted:                        94,727  C:\Heaven\Haven\brothel\devar ji ne meri jeans me hath dala\B120723Ananya Ananya02.jpg
Deleted:                        94,434  C:\Heaven\Haven\brothel\devar ji ne meri jeans me hath dala\B180224KK KalkiKoechlin02.JPG
Deleted:                        92,979  C:\Heaven\Haven\brothel\devar ji ne meri jeans me hath dala\B130601RakulPreet RakulPreet01.jpg
Deleted:                        92,391  C:\Heaven\Haven\brothel\devar ji ne meri jeans me hath dala\B111222NehaDhupia NehaDhupia02.jpg
Deleted:                        89,887  C:\Heaven\Haven\brothel\devar ji ne meri jeans me hath dala\B101202ShwetaBhardwaj ShwetaBhardwaj06.JPG
Deleted:                        88,519  C:\Heaven\Haven\brothel\devar ji ne meri jeans me hath dala\B110301BrindaParekh BrindaParekh10.JPG
Deleted:                        88,094  C:\Heaven\Haven\brothel\aaj holi ke shubh avsar pe sare parivar vale bahen aur beti ko chodne ke liye ikatthe hue\raven-lexy-black-lingerie 4.jpg
Deleted:                        87,619  C:\Heaven\Haven\brothel\devar ji ne meri jeans me hath dala\B101202ShwetaBhardwaj ShwetaBhardwaj05.JPG
Deleted:                        84,560  C:\Heaven\Haven\brothel\devar ji ne meri jeans me hath dala\B131223EvelynSharma EvelynSharma05.jpg
Deleted:                        84,240  C:\Heaven\Haven\brothel\devar ji ne meri jeans me hath dala\B101202ShwetaBhardwaj ShwetaBhardwaj07.JPG
Deleted:                        82,048  C:\Heaven\Haven\brothel\devar ji ne meri jeans me hath dala\B100612NehaDhupia NehaDhupia13.JPG
Deleted:                        81,937  C:\Heaven\Haven\brothel\devar ji ne meri jeans me hath dala\B131229EvelynSharma EvelynSharma03.jpg
Deleted:                        81,937  C:\Heaven\Haven\brothel\devar ji ne meri jeans me hath dala\B131014EvelynSharma EvelynSharma08.jpg
Deleted:                        79,110  C:\Heaven\Haven\brothel\devar ji ne meri jeans me hath dala\B091201TulipJoshi TulipJoshi12.JPG
Deleted:                        76,132  C:\Heaven\Haven\brothel\devar ji ne meri jeans me hath dala\B161206SP SurabhiPrabhu02.jpg
Deleted:                        75,799  C:\Heaven\Haven\brothel\devar ji ne meri jeans me hath dala\B111103SaruMaini SaruMaini10.jpg
Deleted:                        75,087  C:\Heaven\Haven\brothel\devar ji ne meri jeans me hath dala\B180214SP SapnaPabbi03.jpg
Deleted:                        74,885  C:\Heaven\Haven\brothel\devar ji ne meri jeans me hath dala\B150722SS ShilpiSharma03.JPG
Deleted:                        74,050  C:\Heaven\Haven\brothel\devar ji ne meri jeans me hath dala\B131014EvelynSharma EvelynSharma03.jpg
Deleted:                        73,560  C:\Heaven\Haven\brothel\devar ji ne meri jeans me hath dala\B180214SP SapnaPabbi02.jpg
Deleted:                        73,551  C:\Heaven\Haven\brothel\devar ji ne meri jeans me hath dala\B170908SS ShilpiSharma06.JPG
Deleted:                        73,343  C:\Heaven\Haven\brothel\devar ji ne meri jeans me hath dala\B080127SoniaMehra SoniaMehra03.jpg
Deleted:                        72,571  C:\Heaven\Haven\brothel\devar ji ne meri jeans me hath dala\B091201TulipJoshi TulipJoshi10.JPG
Deleted:                        72,035  C:\Heaven\Haven\brothel\devar ji ne meri jeans me hath dala\B130205PoonamJhawer PoonamJhawer19.JPG
Deleted:                        71,689  C:\Heaven\Haven\brothel\devar ji ne meri jeans me hath dala\B180214SP SapnaPabbi01.jpg
Deleted:                        71,113  C:\Heaven\Haven\brothel\devar ji ne meri jeans me hath dala\B161020ID IleanaDCruz06.JPG
Deleted:                        70,883  C:\Heaven\Haven\brothel\devar ji ne meri jeans me hath dala\B110904Monika Monika06.jpg
Deleted:                        70,740  C:\Heaven\Haven\brothel\devar ji ne meri jeans me hath dala\B180224KK KalkiKoechlin01.JPG
Deleted:                        68,325  C:\Heaven\Haven\brothel\devar ji ne meri jeans me hath dala\B101202ShwetaBhardwaj ShwetaBhardwaj02.JPG
Deleted:                        67,178  C:\Heaven\Haven\brothel\devar ji ne meri jeans me hath dala\B101202ShwetaBhardwaj ShwetaBhardwaj03.JPG
Deleted:                        66,863  C:\Heaven\Haven\brothel\devar ji ne meri jeans me hath dala\B161020ID IleanaDCruz04.JPG
Deleted:                        66,033  C:\Heaven\Haven\brothel\devar ji ne meri jeans me hath dala\B101202ShwetaBhardwaj ShwetaBhardwaj04.JPG
Deleted:                        65,192  C:\Heaven\Haven\brothel\devar ji ne meri jeans me hath dala\B131223EvelynSharma EvelynSharma06.jpg
Deleted:                        62,107  C:\Heaven\Haven\brothel\devar ji ne meri jeans me hath dala\B180309PR Pranwesha01.JPG
Deleted:                        59,002  C:\Heaven\Haven\brothel\devar ji ne meri jeans me hath dala\B131014EvelynSharma EvelynSharma01.jpg
Deleted:                        56,379  C:\Heaven\Haven\brothel\devar ji ne meri jeans me hath dala\B131229EvelynSharma EvelynSharma05.jpg
Deleted:                        52,934  C:\Heaven\Haven\brothel\devar ji ne meri jeans me hath dala\B180309PR Pranwesha03.JPG
Deleted:                        50,619  C:\Heaven\Haven\brothel\devar ji ne meri jeans me hath dala\B170908SS ShilpiSharma02.JPG
Deleted:                        48,893  C:\Heaven\Haven\brothel\devar ji ne meri jeans me hath dala\B170908SS ShilpiSharma01.JPG
Deleted:                        47,011  C:\Heaven\Haven\brothel\devar ji ne meri jeans me hath dala\B120201SonamKapoor SonamKapoor09.jpg
Deleted:                        44,179  C:\Heaven\Haven\brothel\devar ji ne meri jeans me hath dala\B170908SS ShilpiSharma03.JPG
Deleted:                        43,515  C:\Heaven\Haven\brothel\devar ji ne meri jeans me hath dala\B150722SS ShilpiSharma02.JPG
